{"X:\\tail website\\backend\\src\\server.js":{"path":"X:\\tail website\\backend\\src\\server.js","statementMap":{"0":{"start":{"line":2,"column":0},"end":{"line":2,"column":27}},"1":{"start":{"line":3,"column":22},"end":{"line":3,"column":40}},"2":{"start":{"line":4,"column":22},"end":{"line":4,"column":39}},"3":{"start":{"line":5,"column":22},"end":{"line":5,"column":37}},"4":{"start":{"line":6,"column":22},"end":{"line":6,"column":55}},"5":{"start":{"line":7,"column":22},"end":{"line":7,"column":44}},"6":{"start":{"line":8,"column":22},"end":{"line":8,"column":46}},"7":{"start":{"line":10,"column":36},"end":{"line":10,"column":55}},"8":{"start":{"line":11,"column":36},"end":{"line":11,"column":64}},"9":{"start":{"line":12,"column":36},"end":{"line":12,"column":73}},"10":{"start":{"line":13,"column":36},"end":{"line":13,"column":72}},"11":{"start":{"line":14,"column":36},"end":{"line":14,"column":71}},"12":{"start":{"line":15,"column":36},"end":{"line":15,"column":55}},"13":{"start":{"line":16,"column":36},"end":{"line":16,"column":61}},"14":{"start":{"line":18,"column":12},"end":{"line":18,"column":21}},"15":{"start":{"line":21,"column":0},"end":{"line":25,"column":3}},"16":{"start":{"line":22,"column":2},"end":{"line":22,"column":84}},"17":{"start":{"line":24,"column":2},"end":{"line":24,"column":41}},"18":{"start":{"line":24,"column":19},"end":{"line":24,"column":34}},"19":{"start":{"line":27,"column":0},"end":{"line":30,"column":3}},"20":{"start":{"line":28,"column":2},"end":{"line":28,"column":75}},"21":{"start":{"line":29,"column":2},"end":{"line":29,"column":41}},"22":{"start":{"line":29,"column":19},"end":{"line":29,"column":34}},"23":{"start":{"line":33,"column":0},"end":{"line":43,"column":4}},"24":{"start":{"line":46,"column":0},"end":{"line":51,"column":4}},"25":{"start":{"line":54,"column":0},"end":{"line":54,"column":23}},"26":{"start":{"line":55,"column":0},"end":{"line":55,"column":24}},"27":{"start":{"line":56,"column":0},"end":{"line":56,"column":41}},"28":{"start":{"line":57,"column":0},"end":{"line":57,"column":63}},"29":{"start":{"line":60,"column":0},"end":{"line":65,"column":4}},"30":{"start":{"line":63,"column":4},"end":{"line":63,"column":76}},"31":{"start":{"line":68,"column":0},"end":{"line":68,"column":23}},"32":{"start":{"line":69,"column":0},"end":{"line":69,"column":23}},"33":{"start":{"line":72,"column":0},"end":{"line":74,"column":3}},"34":{"start":{"line":73,"column":2},"end":{"line":73,"column":76}},"35":{"start":{"line":77,"column":0},"end":{"line":77,"column":45}},"36":{"start":{"line":80,"column":0},"end":{"line":85,"column":3}},"37":{"start":{"line":81,"column":2},"end":{"line":84,"column":5}},"38":{"start":{"line":88,"column":0},"end":{"line":88,"column":22}},"39":{"start":{"line":91,"column":14},"end":{"line":128,"column":1}},"40":{"start":{"line":92,"column":2},"end":{"line":92,"column":20}},"41":{"start":{"line":94,"column":15},"end":{"line":94,"column":30}},"42":{"start":{"line":95,"column":17},"end":{"line":95,"column":39}},"43":{"start":{"line":97,"column":2},"end":{"line":105,"column":5}},"44":{"start":{"line":98,"column":4},"end":{"line":102,"column":5}},"45":{"start":{"line":99,"column":6},"end":{"line":99,"column":85}},"46":{"start":{"line":101,"column":6},"end":{"line":101,"column":22}},"47":{"start":{"line":103,"column":4},"end":{"line":103,"column":42}},"48":{"start":{"line":104,"column":4},"end":{"line":104,"column":20}},"49":{"start":{"line":107,"column":2},"end":{"line":109,"column":5}},"50":{"start":{"line":108,"column":4},"end":{"line":108,"column":74}},"51":{"start":{"line":112,"column":2},"end":{"line":118,"column":5}},"52":{"start":{"line":113,"column":4},"end":{"line":113,"column":63}},"53":{"start":{"line":114,"column":4},"end":{"line":117,"column":7}},"54":{"start":{"line":115,"column":6},"end":{"line":115,"column":27}},"55":{"start":{"line":116,"column":6},"end":{"line":116,"column":22}},"56":{"start":{"line":121,"column":2},"end":{"line":127,"column":5}},"57":{"start":{"line":122,"column":4},"end":{"line":122,"column":62}},"58":{"start":{"line":123,"column":4},"end":{"line":126,"column":7}},"59":{"start":{"line":124,"column":6},"end":{"line":124,"column":27}},"60":{"start":{"line":125,"column":6},"end":{"line":125,"column":22}},"61":{"start":{"line":130,"column":0},"end":{"line":136,"column":1}},"62":{"start":{"line":131,"column":2},"end":{"line":135,"column":5}},"63":{"start":{"line":132,"column":4},"end":{"line":132,"column":49}},"64":{"start":{"line":133,"column":4},"end":{"line":133,"column":29}},"65":{"start":{"line":134,"column":4},"end":{"line":134,"column":20}},"66":{"start":{"line":138,"column":0},"end":{"line":138,"column":21}}},"fnMap":{"0":{"name":"(anonymous_0)","decl":{"start":{"line":21,"column":32},"end":{"line":21,"column":33}},"loc":{"start":{"line":21,"column":41},"end":{"line":25,"column":1}},"line":21},"1":{"name":"(anonymous_1)","decl":{"start":{"line":24,"column":13},"end":{"line":24,"column":14}},"loc":{"start":{"line":24,"column":19},"end":{"line":24,"column":34}},"line":24},"2":{"name":"(anonymous_2)","decl":{"start":{"line":27,"column":33},"end":{"line":27,"column":34}},"loc":{"start":{"line":27,"column":54},"end":{"line":30,"column":1}},"line":27},"3":{"name":"(anonymous_3)","decl":{"start":{"line":29,"column":13},"end":{"line":29,"column":14}},"loc":{"start":{"line":29,"column":19},"end":{"line":29,"column":34}},"line":29},"4":{"name":"(anonymous_4)","decl":{"start":{"line":62,"column":14},"end":{"line":62,"column":15}},"loc":{"start":{"line":62,"column":32},"end":{"line":64,"column":3}},"line":62},"5":{"name":"(anonymous_5)","decl":{"start":{"line":72,"column":19},"end":{"line":72,"column":20}},"loc":{"start":{"line":72,"column":33},"end":{"line":74,"column":1}},"line":72},"6":{"name":"(anonymous_6)","decl":{"start":{"line":80,"column":8},"end":{"line":80,"column":9}},"loc":{"start":{"line":80,"column":22},"end":{"line":85,"column":1}},"line":80},"7":{"name":"(anonymous_7)","decl":{"start":{"line":91,"column":14},"end":{"line":91,"column":15}},"loc":{"start":{"line":91,"column":26},"end":{"line":128,"column":1}},"line":91},"8":{"name":"(anonymous_8)","decl":{"start":{"line":97,"column":21},"end":{"line":97,"column":22}},"loc":{"start":{"line":97,"column":30},"end":{"line":105,"column":3}},"line":97},"9":{"name":"(anonymous_9)","decl":{"start":{"line":107,"column":29},"end":{"line":107,"column":30}},"loc":{"start":{"line":107,"column":35},"end":{"line":109,"column":3}},"line":107},"10":{"name":"(anonymous_10)","decl":{"start":{"line":112,"column":24},"end":{"line":112,"column":25}},"loc":{"start":{"line":112,"column":36},"end":{"line":118,"column":3}},"line":112},"11":{"name":"(anonymous_11)","decl":{"start":{"line":114,"column":17},"end":{"line":114,"column":18}},"loc":{"start":{"line":114,"column":29},"end":{"line":117,"column":5}},"line":114},"12":{"name":"(anonymous_12)","decl":{"start":{"line":121,"column":23},"end":{"line":121,"column":24}},"loc":{"start":{"line":121,"column":35},"end":{"line":127,"column":3}},"line":121},"13":{"name":"(anonymous_13)","decl":{"start":{"line":123,"column":17},"end":{"line":123,"column":18}},"loc":{"start":{"line":123,"column":29},"end":{"line":126,"column":5}},"line":123},"14":{"name":"(anonymous_14)","decl":{"start":{"line":131,"column":16},"end":{"line":131,"column":17}},"loc":{"start":{"line":131,"column":25},"end":{"line":135,"column":3}},"line":131}},"branchMap":{"0":{"loc":{"start":{"line":98,"column":4},"end":{"line":102,"column":5}},"type":"if","locations":[{"start":{"line":98,"column":4},"end":{"line":102,"column":5}},{"start":{},"end":{}}],"line":98},"1":{"loc":{"start":{"line":98,"column":8},"end":{"line":98,"column":40}},"type":"binary-expr","locations":[{"start":{"line":98,"column":8},"end":{"line":98,"column":11}},{"start":{"line":98,"column":15},"end":{"line":98,"column":40}}],"line":98},"2":{"loc":{"start":{"line":130,"column":0},"end":{"line":136,"column":1}},"type":"if","locations":[{"start":{"line":130,"column":0},"end":{"line":136,"column":1}},{"start":{},"end":{}}],"line":130}},"s":{"0":1,"1":1,"2":1,"3":1,"4":1,"5":1,"6":1,"7":1,"8":1,"9":1,"10":1,"11":1,"12":1,"13":1,"14":1,"15":1,"16":0,"17":0,"18":0,"19":1,"20":0,"21":0,"22":0,"23":1,"24":1,"25":1,"26":1,"27":1,"28":1,"29":1,"30":0,"31":1,"32":1,"33":1,"34":0,"35":1,"36":1,"37":2,"38":1,"39":1,"40":0,"41":0,"42":0,"43":0,"44":0,"45":0,"46":0,"47":0,"48":0,"49":0,"50":0,"51":0,"52":0,"53":0,"54":0,"55":0,"56":0,"57":0,"58":0,"59":0,"60":0,"61":1,"62":0,"63":0,"64":0,"65":0,"66":1},"f":{"0":0,"1":0,"2":0,"3":0,"4":0,"5":0,"6":2,"7":0,"8":0,"9":0,"10":0,"11":0,"12":0,"13":0,"14":0},"b":{"0":[0,0],"1":[0,0],"2":[0,1]},"_coverageSchema":"1a1c01bbd47fc00a2c39e90264f33305004495a9","hash":"b9e2833ca24d329f0f2c8c0f31b5d8390bca56b0","contentHash":"bc614f88de90ea58f0275fb848602b957199f085199392b1ce683a0f854461d2"},"X:\\tail website\\backend\\src\\utils\\logger.js":{"path":"X:\\tail website\\backend\\src\\utils\\logger.js","statementMap":{"0":{"start":{"line":2,"column":15},"end":{"line":2,"column":30}},"1":{"start":{"line":3,"column":15},"end":{"line":3,"column":35}},"2":{"start":{"line":5,"column":15},"end":{"line":21,"column":2}},"3":{"start":{"line":23,"column":0},"end":{"line":23,"column":24}}},"fnMap":{},"branchMap":{"0":{"loc":{"start":{"line":6,"column":9},"end":{"line":6,"column":35}},"type":"binary-expr","locations":[{"start":{"line":6,"column":9},"end":{"line":6,"column":24}},{"start":{"line":6,"column":28},"end":{"line":6,"column":35}}],"line":6}},"s":{"0":1,"1":1,"2":1,"3":1},"f":{},"b":{"0":[1,0]},"_coverageSchema":"1a1c01bbd47fc00a2c39e90264f33305004495a9","hash":"07bbaa897f09bcb7a9c40fd133b9d30c13394957","contentHash":"db4aea3cad7645f85f5342fd6cd784dedfdf4ae271506e9c1aff7f35690b823c"},"X:\\tail website\\backend\\src\\middleware\\requestLogger.js":{"path":"X:\\tail website\\backend\\src\\middleware\\requestLogger.js","statementMap":{"0":{"start":{"line":2,"column":15},"end":{"line":2,"column":41}},"1":{"start":{"line":3,"column":23},"end":{"line":3,"column":38}},"2":{"start":{"line":5,"column":0},"end":{"line":29,"column":2}},"3":{"start":{"line":6,"column":16},"end":{"line":6,"column":55}},"4":{"start":{"line":7,"column":16},"end":{"line":7,"column":26}},"5":{"start":{"line":9,"column":2},"end":{"line":9,"column":17}},"6":{"start":{"line":10,"column":2},"end":{"line":10,"column":39}},"7":{"start":{"line":12,"column":2},"end":{"line":26,"column":5}},"8":{"start":{"line":13,"column":18},"end":{"line":13,"column":36}},"9":{"start":{"line":15,"column":6},"end":{"line":16,"column":46}},"10":{"start":{"line":18,"column":4},"end":{"line":25,"column":61}},"11":{"start":{"line":28,"column":2},"end":{"line":28,"column":9}}},"fnMap":{"0":{"name":"requestLogger","decl":{"start":{"line":5,"column":26},"end":{"line":5,"column":39}},"loc":{"start":{"line":5,"column":56},"end":{"line":29,"column":1}},"line":5},"1":{"name":"(anonymous_1)","decl":{"start":{"line":12,"column":19},"end":{"line":12,"column":20}},"loc":{"start":{"line":12,"column":25},"end":{"line":26,"column":3}},"line":12}},"branchMap":{"0":{"loc":{"start":{"line":6,"column":16},"end":{"line":6,"column":55}},"type":"binary-expr","locations":[{"start":{"line":6,"column":16},"end":{"line":6,"column":43}},{"start":{"line":6,"column":47},"end":{"line":6,"column":55}}],"line":6},"1":{"loc":{"start":{"line":15,"column":6},"end":{"line":16,"column":46}},"type":"cond-expr","locations":[{"start":{"line":15,"column":30},"end":{"line":15,"column":37}},{"start":{"line":16,"column":6},"end":{"line":16,"column":46}}],"line":15},"2":{"loc":{"start":{"line":16,"column":6},"end":{"line":16,"column":46}},"type":"cond-expr","locations":[{"start":{"line":16,"column":30},"end":{"line":16,"column":36}},{"start":{"line":16,"column":40},"end":{"line":16,"column":46}}],"line":16},"3":{"loc":{"start":{"line":24,"column":10},"end":{"line":24,"column":58}},"type":"binary-expr","locations":[{"start":{"line":24,"column":10},"end":{"line":24,"column":16}},{"start":{"line":24,"column":20},"end":{"line":24,"column":45}},{"start":{"line":24,"column":49},"end":{"line":24,"column":58}}],"line":24}},"s":{"0":1,"1":1,"2":1,"3":111,"4":111,"5":111,"6":111,"7":111,"8":107,"9":107,"10":107,"11":111},"f":{"0":111,"1":107},"b":{"0":[111,111],"1":[0,107],"2":[35,72],"3":[107,0,0]},"_coverageSchema":"1a1c01bbd47fc00a2c39e90264f33305004495a9","hash":"2657ba0561ae9e82a5f576fb17bc2c2382e24c6c","contentHash":"fcf85056f922e7e92f8c78ee0e4956881ece812b8d5241ad68fc748d0b83fb5d"},"X:\\tail website\\backend\\src\\middleware\\errorHandler.js":{"path":"X:\\tail website\\backend\\src\\middleware\\errorHandler.js","statementMap":{"0":{"start":{"line":2,"column":17},"end":{"line":2,"column":45}},"1":{"start":{"line":3,"column":17},"end":{"line":3,"column":43}},"2":{"start":{"line":4,"column":17},"end":{"line":4,"column":37}},"3":{"start":{"line":6,"column":24},"end":{"line":7,"column":56}},"4":{"start":{"line":7,"column":2},"end":{"line":7,"column":56}},"5":{"start":{"line":9,"column":27},"end":{"line":12,"column":1}},"6":{"start":{"line":10,"column":16},"end":{"line":10,"column":44}},"7":{"start":{"line":11,"column":2},"end":{"line":11,"column":54}},"8":{"start":{"line":14,"column":30},"end":{"line":17,"column":1}},"9":{"start":{"line":15,"column":15},"end":{"line":15,"column":60}},"10":{"start":{"line":15,"column":50},"end":{"line":15,"column":59}},"11":{"start":{"line":16,"column":2},"end":{"line":16,"column":67}},"12":{"start":{"line":19,"column":24},"end":{"line":19,"column":86}},"13":{"start":{"line":19,"column":30},"end":{"line":19,"column":86}},"14":{"start":{"line":20,"column":24},"end":{"line":20,"column":97}},"15":{"start":{"line":20,"column":30},"end":{"line":20,"column":97}},"16":{"start":{"line":22,"column":0},"end":{"line":54,"column":2}},"17":{"start":{"line":23,"column":14},"end":{"line":23,"column":17}},"18":{"start":{"line":25,"column":2},"end":{"line":25,"column":73}},"19":{"start":{"line":25,"column":44},"end":{"line":25,"column":73}},"20":{"start":{"line":26,"column":2},"end":{"line":26,"column":76}},"21":{"start":{"line":26,"column":44},"end":{"line":26,"column":76}},"22":{"start":{"line":27,"column":2},"end":{"line":27,"column":79}},"23":{"start":{"line":27,"column":44},"end":{"line":27,"column":79}},"24":{"start":{"line":28,"column":2},"end":{"line":28,"column":69}},"25":{"start":{"line":28,"column":44},"end":{"line":28,"column":69}},"26":{"start":{"line":29,"column":2},"end":{"line":29,"column":70}},"27":{"start":{"line":29,"column":44},"end":{"line":29,"column":70}},"28":{"start":{"line":32,"column":2},"end":{"line":34,"column":3}},"29":{"start":{"line":33,"column":4},"end":{"line":33,"column":124}},"30":{"start":{"line":36,"column":2},"end":{"line":36,"column":45}},"31":{"start":{"line":39,"column":2},"end":{"line":43,"column":3}},"32":{"start":{"line":40,"column":4},"end":{"line":40,"column":98}},"33":{"start":{"line":42,"column":4},"end":{"line":42,"column":105}},"34":{"start":{"line":46,"column":18},"end":{"line":51,"column":3}},"35":{"start":{"line":53,"column":2},"end":{"line":53,"column":52}}},"fnMap":{"0":{"name":"(anonymous_0)","decl":{"start":{"line":6,"column":24},"end":{"line":6,"column":25}},"loc":{"start":{"line":7,"column":2},"end":{"line":7,"column":56}},"line":7},"1":{"name":"(anonymous_1)","decl":{"start":{"line":9,"column":27},"end":{"line":9,"column":28}},"loc":{"start":{"line":9,"column":36},"end":{"line":12,"column":1}},"line":9},"2":{"name":"(anonymous_2)","decl":{"start":{"line":14,"column":30},"end":{"line":14,"column":31}},"loc":{"start":{"line":14,"column":39},"end":{"line":17,"column":1}},"line":14},"3":{"name":"(anonymous_3)","decl":{"start":{"line":15,"column":45},"end":{"line":15,"column":46}},"loc":{"start":{"line":15,"column":50},"end":{"line":15,"column":59}},"line":15},"4":{"name":"(anonymous_4)","decl":{"start":{"line":19,"column":24},"end":{"line":19,"column":25}},"loc":{"start":{"line":19,"column":30},"end":{"line":19,"column":86}},"line":19},"5":{"name":"(anonymous_5)","decl":{"start":{"line":20,"column":24},"end":{"line":20,"column":25}},"loc":{"start":{"line":20,"column":30},"end":{"line":20,"column":97}},"line":20},"6":{"name":"(anonymous_6)","decl":{"start":{"line":22,"column":17},"end":{"line":22,"column":18}},"loc":{"start":{"line":22,"column":42},"end":{"line":54,"column":1}},"line":22}},"branchMap":{"0":{"loc":{"start":{"line":25,"column":2},"end":{"line":25,"column":73}},"type":"if","locations":[{"start":{"line":25,"column":2},"end":{"line":25,"column":73}},{"start":{},"end":{}}],"line":25},"1":{"loc":{"start":{"line":26,"column":2},"end":{"line":26,"column":76}},"type":"if","locations":[{"start":{"line":26,"column":2},"end":{"line":26,"column":76}},{"start":{},"end":{}}],"line":26},"2":{"loc":{"start":{"line":27,"column":2},"end":{"line":27,"column":79}},"type":"if","locations":[{"start":{"line":27,"column":2},"end":{"line":27,"column":79}},{"start":{},"end":{}}],"line":27},"3":{"loc":{"start":{"line":28,"column":2},"end":{"line":28,"column":69}},"type":"if","locations":[{"start":{"line":28,"column":2},"end":{"line":28,"column":69}},{"start":{},"end":{}}],"line":28},"4":{"loc":{"start":{"line":29,"column":2},"end":{"line":29,"column":70}},"type":"if","locations":[{"start":{"line":29,"column":2},"end":{"line":29,"column":70}},{"start":{},"end":{}}],"line":29},"5":{"loc":{"start":{"line":32,"column":2},"end":{"line":34,"column":3}},"type":"if","locations":[{"start":{"line":32,"column":2},"end":{"line":34,"column":3}},{"start":{},"end":{}}],"line":32},"6":{"loc":{"start":{"line":32,"column":6},"end":{"line":32,"column":78}},"type":"binary-expr","locations":[{"start":{"line":32,"column":6},"end":{"line":32,"column":17}},{"start":{"line":32,"column":21},"end":{"line":32,"column":78}}],"line":32},"7":{"loc":{"start":{"line":36,"column":21},"end":{"line":36,"column":44}},"type":"binary-expr","locations":[{"start":{"line":36,"column":21},"end":{"line":36,"column":37}},{"start":{"line":36,"column":41},"end":{"line":36,"column":44}}],"line":36},"8":{"loc":{"start":{"line":39,"column":2},"end":{"line":43,"column":3}},"type":"if","locations":[{"start":{"line":39,"column":2},"end":{"line":43,"column":3}},{"start":{"line":41,"column":9},"end":{"line":43,"column":3}}],"line":39},"9":{"loc":{"start":{"line":48,"column":16},"end":{"line":48,"column":84}},"type":"cond-expr","locations":[{"start":{"line":48,"column":38},"end":{"line":48,"column":51}},{"start":{"line":48,"column":54},"end":{"line":48,"column":84}}],"line":48},"10":{"loc":{"start":{"line":49,"column":8},"end":{"line":49,"column":60}},"type":"cond-expr","locations":[{"start":{"line":49,"column":31},"end":{"line":49,"column":55}},{"start":{"line":49,"column":58},"end":{"line":49,"column":60}}],"line":49},"11":{"loc":{"start":{"line":50,"column":8},"end":{"line":50,"column":87}},"type":"cond-expr","locations":[{"start":{"line":50,"column":62},"end":{"line":50,"column":82}},{"start":{"line":50,"column":85},"end":{"line":50,"column":87}}],"line":50},"12":{"loc":{"start":{"line":50,"column":8},"end":{"line":50,"column":59}},"type":"binary-expr","locations":[{"start":{"line":50,"column":8},"end":{"line":50,"column":35}},{"start":{"line":50,"column":39},"end":{"line":50,"column":59}}],"line":50}},"s":{"0":1,"1":1,"2":1,"3":1,"4":0,"5":1,"6":1,"7":1,"8":1,"9":0,"10":0,"11":0,"12":1,"13":0,"14":1,"15":0,"16":1,"17":23,"18":23,"19":0,"20":23,"21":1,"22":23,"23":0,"24":23,"25":0,"26":23,"27":0,"28":23,"29":0,"30":23,"31":23,"32":0,"33":23,"34":23,"35":23},"f":{"0":0,"1":1,"2":0,"3":0,"4":0,"5":0,"6":23},"b":{"0":[0,23],"1":[1,22],"2":[0,23],"3":[0,23],"4":[0,23],"5":[0,23],"6":[23,23],"7":[23,0],"8":[0,23],"9":[23,0],"10":[0,23],"11":[0,23],"12":[23,23]},"_coverageSchema":"1a1c01bbd47fc00a2c39e90264f33305004495a9","hash":"42b1c4342906c50c1fd36117d9321453f65935ee","contentHash":"6be77d4b8b607949c8ae71d1e43c6d1723d00e0189b6c76be5da58d60b5e12eb"},"X:\\tail website\\backend\\src\\utils\\AppError.js":{"path":"X:\\tail website\\backend\\src\\utils\\AppError.js","statementMap":{"0":{"start":{"line":5,"column":4},"end":{"line":5,"column":19}},"1":{"start":{"line":6,"column":4},"end":{"line":6,"column":34}},"2":{"start":{"line":7,"column":4},"end":{"line":7,"column":74}},"3":{"start":{"line":8,"column":4},"end":{"line":8,"column":30}},"4":{"start":{"line":9,"column":4},"end":{"line":9,"column":30}},"5":{"start":{"line":10,"column":4},"end":{"line":10,"column":52}},"6":{"start":{"line":14,"column":0},"end":{"line":14,"column":26}}},"fnMap":{"0":{"name":"(anonymous_0)","decl":{"start":{"line":4,"column":2},"end":{"line":4,"column":3}},"loc":{"start":{"line":4,"column":48},"end":{"line":11,"column":3}},"line":4}},"branchMap":{"0":{"loc":{"start":{"line":4,"column":35},"end":{"line":4,"column":46}},"type":"default-arg","locations":[{"start":{"line":4,"column":44},"end":{"line":4,"column":46}}],"line":4},"1":{"loc":{"start":{"line":7,"column":23},"end":{"line":7,"column":73}},"type":"cond-expr","locations":[{"start":{"line":7,"column":57},"end":{"line":7,"column":63}},{"start":{"line":7,"column":66},"end":{"line":7,"column":73}}],"line":7}},"s":{"0":36,"1":36,"2":36,"3":36,"4":36,"5":36,"6":1},"f":{"0":36},"b":{"0":[36],"1":[36,0]},"_coverageSchema":"1a1c01bbd47fc00a2c39e90264f33305004495a9","hash":"d9ccd1adbbec6fb917eab91c0d05bb951a297f82","contentHash":"78bc25ff47c25feb42b47e2c76a20823ab696cc68fa1321fceb018de9e911e54"},"X:\\tail website\\backend\\src\\middleware\\rateLimiter.js":{"path":"X:\\tail website\\backend\\src\\middleware\\rateLimiter.js","statementMap":{"0":{"start":{"line":2,"column":18},"end":{"line":2,"column":47}},"1":{"start":{"line":4,"column":14},"end":{"line":4,"column":51}},"2":{"start":{"line":6,"column":22},"end":{"line":12,"column":2}},"3":{"start":{"line":14,"column":20},"end":{"line":21,"column":2}},"4":{"start":{"line":23,"column":32},"end":{"line":34,"column":2}},"5":{"start":{"line":29,"column":4},"end":{"line":32,"column":7}},"6":{"start":{"line":36,"column":39},"end":{"line":47,"column":2}},"7":{"start":{"line":42,"column":4},"end":{"line":45,"column":7}},"8":{"start":{"line":49,"column":0},"end":{"line":49,"column":105}}},"fnMap":{"0":{"name":"(anonymous_0)","decl":{"start":{"line":28,"column":11},"end":{"line":28,"column":12}},"loc":{"start":{"line":28,"column":25},"end":{"line":33,"column":3}},"line":28},"1":{"name":"(anonymous_1)","decl":{"start":{"line":41,"column":11},"end":{"line":41,"column":12}},"loc":{"start":{"line":41,"column":25},"end":{"line":46,"column":3}},"line":41}},"branchMap":{"0":{"loc":{"start":{"line":8,"column":19},"end":{"line":8,"column":37}},"type":"cond-expr","locations":[{"start":{"line":8,"column":27},"end":{"line":8,"column":31}},{"start":{"line":8,"column":34},"end":{"line":8,"column":37}}],"line":8},"1":{"loc":{"start":{"line":16,"column":26},"end":{"line":16,"column":42}},"type":"cond-expr","locations":[{"start":{"line":16,"column":34},"end":{"line":16,"column":37}},{"start":{"line":16,"column":40},"end":{"line":16,"column":42}}],"line":16}},"s":{"0":1,"1":1,"2":1,"3":1,"4":1,"5":0,"6":1,"7":0,"8":1},"f":{"0":0,"1":0},"b":{"0":[1,0],"1":[1,0]},"_coverageSchema":"1a1c01bbd47fc00a2c39e90264f33305004495a9","hash":"d4b73e3ebf6d91e262c10eb407e89f285dca0deb","contentHash":"2d2653b0de10cfeb5cadf4978977fea83da7363808954d62591d33371b224bdd"},"X:\\tail website\\backend\\src\\routes\\index.js":{"path":"X:\\tail website\\backend\\src\\routes\\index.js","statementMap":{"0":{"start":{"line":2,"column":15},"end":{"line":2,"column":42}},"1":{"start":{"line":4,"column":27},"end":{"line":4,"column":50}},"2":{"start":{"line":5,"column":27},"end":{"line":5,"column":54}},"3":{"start":{"line":6,"column":27},"end":{"line":6,"column":58}},"4":{"start":{"line":7,"column":27},"end":{"line":7,"column":57}},"5":{"start":{"line":8,"column":27},"end":{"line":8,"column":57}},"6":{"start":{"line":9,"column":27},"end":{"line":9,"column":52}},"7":{"start":{"line":10,"column":27},"end":{"line":10,"column":51}},"8":{"start":{"line":11,"column":27},"end":{"line":11,"column":52}},"9":{"start":{"line":14,"column":0},"end":{"line":14,"column":32}},"10":{"start":{"line":17,"column":0},"end":{"line":17,"column":41}},"11":{"start":{"line":18,"column":0},"end":{"line":18,"column":38}},"12":{"start":{"line":19,"column":0},"end":{"line":19,"column":47}},"13":{"start":{"line":20,"column":0},"end":{"line":20,"column":48}},"14":{"start":{"line":21,"column":0},"end":{"line":21,"column":37}},"15":{"start":{"line":22,"column":0},"end":{"line":22,"column":39}},"16":{"start":{"line":23,"column":0},"end":{"line":23,"column":36}},"17":{"start":{"line":25,"column":0},"end":{"line":25,"column":24}}},"fnMap":{},"branchMap":{},"s":{"0":1,"1":1,"2":1,"3":1,"4":1,"5":1,"6":1,"7":1,"8":1,"9":1,"10":1,"11":1,"12":1,"13":1,"14":1,"15":1,"16":1,"17":1},"f":{},"b":{},"_coverageSchema":"1a1c01bbd47fc00a2c39e90264f33305004495a9","hash":"c66eb7a0a585c7ec1d483c349b518db3c48065a9","contentHash":"0169d095eb731216d6a1c6dedbaac11e2a137b017981359ef8bfb8b2d67bb66b"},"X:\\tail website\\backend\\src\\routes\\authRoutes.js":{"path":"X:\\tail website\\backend\\src\\routes\\authRoutes.js","statementMap":{"0":{"start":{"line":2,"column":17},"end":{"line":2,"column":44}},"1":{"start":{"line":3,"column":17},"end":{"line":3,"column":45}},"2":{"start":{"line":4,"column":17},"end":{"line":4,"column":57}},"3":{"start":{"line":5,"column":17},"end":{"line":5,"column":50}},"4":{"start":{"line":6,"column":26},"end":{"line":6,"column":55}},"5":{"start":{"line":7,"column":83},"end":{"line":7,"column":119}},"6":{"start":{"line":8,"column":25},"end":{"line":8,"column":58}},"7":{"start":{"line":9,"column":58},"end":{"line":9,"column":96}},"8":{"start":{"line":12,"column":0},"end":{"line":28,"column":2}},"9":{"start":{"line":31,"column":0},"end":{"line":31,"column":51}},"10":{"start":{"line":34,"column":0},"end":{"line":39,"column":2}},"11":{"start":{"line":42,"column":0},"end":{"line":42,"column":50}},"12":{"start":{"line":45,"column":0},"end":{"line":45,"column":41}},"13":{"start":{"line":48,"column":0},"end":{"line":54,"column":2}},"14":{"start":{"line":56,"column":0},"end":{"line":56,"column":24}}},"fnMap":{},"branchMap":{},"s":{"0":1,"1":1,"2":1,"3":1,"4":1,"5":1,"6":1,"7":1,"8":1,"9":1,"10":1,"11":1,"12":1,"13":1,"14":1},"f":{},"b":{},"_coverageSchema":"1a1c01bbd47fc00a2c39e90264f33305004495a9","hash":"15a5069600fe98f7107e15a3b9edc7bee5963d47","contentHash":"256485bc3ac3d654d9ac47c477f392ed4aadf4b6bc3f8d428d907fdba0a04c96"},"X:\\tail website\\backend\\src\\controllers\\authController.js":{"path":"X:\\tail website\\backend\\src\\controllers\\authController.js","statementMap":{"0":{"start":{"line":2,"column":15},"end":{"line":2,"column":34}},"1":{"start":{"line":3,"column":13},"end":{"line":3,"column":38}},"2":{"start":{"line":4,"column":20},"end":{"line":4,"column":54}},"3":{"start":{"line":5,"column":24},"end":{"line":5,"column":55}},"4":{"start":{"line":6,"column":15},"end":{"line":6,"column":35}},"5":{"start":{"line":7,"column":15},"end":{"line":7,"column":41}},"6":{"start":{"line":8,"column":28},"end":{"line":8,"column":67}},"7":{"start":{"line":10,"column":15},"end":{"line":10,"column":42}},"8":{"start":{"line":12,"column":20},"end":{"line":17,"column":1}},"9":{"start":{"line":19,"column":14},"end":{"line":47,"column":1}},"10":{"start":{"line":20,"column":2},"end":{"line":46,"column":3}},"11":{"start":{"line":21,"column":19},"end":{"line":27,"column":6}},"12":{"start":{"line":30,"column":4},"end":{"line":33,"column":7}},"13":{"start":{"line":37,"column":4},"end":{"line":41,"column":7}},"14":{"start":{"line":43,"column":4},"end":{"line":43,"column":61}},"15":{"start":{"line":45,"column":4},"end":{"line":45,"column":14}},"16":{"start":{"line":49,"column":16},"end":{"line":78,"column":1}},"17":{"start":{"line":50,"column":2},"end":{"line":77,"column":3}},"18":{"start":{"line":51,"column":28},"end":{"line":51,"column":53}},"19":{"start":{"line":52,"column":4},"end":{"line":54,"column":5}},"20":{"start":{"line":53,"column":6},"end":{"line":53,"column":92}},"21":{"start":{"line":56,"column":19},"end":{"line":60,"column":6}},"22":{"start":{"line":62,"column":4},"end":{"line":65,"column":7}},"23":{"start":{"line":68,"column":4},"end":{"line":72,"column":7}},"24":{"start":{"line":74,"column":4},"end":{"line":74,"column":66}},"25":{"start":{"line":76,"column":4},"end":{"line":76,"column":14}},"26":{"start":{"line":80,"column":15},"end":{"line":96,"column":1}},"27":{"start":{"line":81,"column":2},"end":{"line":95,"column":3}},"28":{"start":{"line":82,"column":4},"end":{"line":86,"column":7}},"29":{"start":{"line":88,"column":4},"end":{"line":88,"column":48}},"30":{"start":{"line":90,"column":4},"end":{"line":90,"column":79}},"31":{"start":{"line":92,"column":4},"end":{"line":92,"column":61}},"32":{"start":{"line":94,"column":4},"end":{"line":94,"column":14}},"33":{"start":{"line":98,"column":11},"end":{"line":105,"column":1}},"34":{"start":{"line":99,"column":2},"end":{"line":104,"column":5}},"35":{"start":{"line":107,"column":29},"end":{"line":153,"column":1}},"36":{"start":{"line":108,"column":2},"end":{"line":152,"column":3}},"37":{"start":{"line":109,"column":48},"end":{"line":109,"column":56}},"38":{"start":{"line":111,"column":17},"end":{"line":115,"column":33}},"39":{"start":{"line":117,"column":4},"end":{"line":119,"column":5}},"40":{"start":{"line":118,"column":6},"end":{"line":118,"column":86}},"41":{"start":{"line":121,"column":31},"end":{"line":121,"column":93}},"42":{"start":{"line":122,"column":4},"end":{"line":124,"column":5}},"43":{"start":{"line":123,"column":6},"end":{"line":123,"column":86}},"44":{"start":{"line":126,"column":27},"end":{"line":126,"column":48}},"45":{"start":{"line":127,"column":50},"end":{"line":130,"column":6}},"46":{"start":{"line":132,"column":4},"end":{"line":141,"column":6}},"47":{"start":{"line":143,"column":4},"end":{"line":143,"column":102}},"48":{"start":{"line":145,"column":4},"end":{"line":149,"column":7}},"49":{"start":{"line":151,"column":4},"end":{"line":151,"column":14}},"50":{"start":{"line":155,"column":30},"end":{"line":185,"column":1}},"51":{"start":{"line":156,"column":2},"end":{"line":184,"column":3}},"52":{"start":{"line":158,"column":17},"end":{"line":158,"column":25}},"53":{"start":{"line":159,"column":4},"end":{"line":161,"column":5}},"54":{"start":{"line":160,"column":6},"end":{"line":160,"column":80}},"55":{"start":{"line":163,"column":27},"end":{"line":163,"column":48}},"56":{"start":{"line":164,"column":31},"end":{"line":164,"column":68}},"57":{"start":{"line":166,"column":4},"end":{"line":173,"column":6}},"58":{"start":{"line":175,"column":4},"end":{"line":175,"column":108}},"59":{"start":{"line":177,"column":4},"end":{"line":181,"column":7}},"60":{"start":{"line":183,"column":4},"end":{"line":183,"column":14}},"61":{"start":{"line":187,"column":28},"end":{"line":232,"column":1}},"62":{"start":{"line":188,"column":2},"end":{"line":231,"column":3}},"63":{"start":{"line":189,"column":58},"end":{"line":189,"column":66}},"64":{"start":{"line":192,"column":17},"end":{"line":192,"column":25}},"65":{"start":{"line":193,"column":4},"end":{"line":195,"column":5}},"66":{"start":{"line":194,"column":6},"end":{"line":194,"column":80}},"67":{"start":{"line":197,"column":20},"end":{"line":197,"column":69}},"68":{"start":{"line":198,"column":4},"end":{"line":200,"column":5}},"69":{"start":{"line":199,"column":6},"end":{"line":199,"column":81}},"70":{"start":{"line":202,"column":31},"end":{"line":202,"column":89}},"71":{"start":{"line":203,"column":4},"end":{"line":205,"column":5}},"72":{"start":{"line":204,"column":6},"end":{"line":204,"column":92}},"73":{"start":{"line":207,"column":4},"end":{"line":209,"column":5}},"74":{"start":{"line":208,"column":6},"end":{"line":208,"column":89}},"75":{"start":{"line":211,"column":28},"end":{"line":211,"column":62}},"76":{"start":{"line":213,"column":4},"end":{"line":221,"column":6}},"77":{"start":{"line":223,"column":4},"end":{"line":223,"column":98}},"78":{"start":{"line":225,"column":4},"end":{"line":228,"column":7}},"79":{"start":{"line":230,"column":4},"end":{"line":230,"column":14}},"80":{"start":{"line":234,"column":0},"end":{"line":234,"column":114}}},"fnMap":{"0":{"name":"(anonymous_0)","decl":{"start":{"line":19,"column":14},"end":{"line":19,"column":15}},"loc":{"start":{"line":19,"column":40},"end":{"line":47,"column":1}},"line":19},"1":{"name":"(anonymous_1)","decl":{"start":{"line":49,"column":16},"end":{"line":49,"column":17}},"loc":{"start":{"line":49,"column":42},"end":{"line":78,"column":1}},"line":49},"2":{"name":"(anonymous_2)","decl":{"start":{"line":80,"column":15},"end":{"line":80,"column":16}},"loc":{"start":{"line":80,"column":41},"end":{"line":96,"column":1}},"line":80},"3":{"name":"(anonymous_3)","decl":{"start":{"line":98,"column":11},"end":{"line":98,"column":12}},"loc":{"start":{"line":98,"column":25},"end":{"line":105,"column":1}},"line":98},"4":{"name":"(anonymous_4)","decl":{"start":{"line":107,"column":29},"end":{"line":107,"column":30}},"loc":{"start":{"line":107,"column":55},"end":{"line":153,"column":1}},"line":107},"5":{"name":"(anonymous_5)","decl":{"start":{"line":155,"column":30},"end":{"line":155,"column":31}},"loc":{"start":{"line":155,"column":56},"end":{"line":185,"column":1}},"line":155},"6":{"name":"(anonymous_6)","decl":{"start":{"line":187,"column":28},"end":{"line":187,"column":29}},"loc":{"start":{"line":187,"column":54},"end":{"line":232,"column":1}},"line":187}},"branchMap":{"0":{"loc":{"start":{"line":15,"column":12},"end":{"line":15,"column":37}},"type":"cond-expr","locations":[{"start":{"line":15,"column":21},"end":{"line":15,"column":29}},{"start":{"line":15,"column":32},"end":{"line":15,"column":37}}],"line":15},"1":{"loc":{"start":{"line":52,"column":4},"end":{"line":54,"column":5}},"type":"if","locations":[{"start":{"line":52,"column":4},"end":{"line":54,"column":5}},{"start":{},"end":{}}],"line":52},"2":{"loc":{"start":{"line":117,"column":4},"end":{"line":119,"column":5}},"type":"if","locations":[{"start":{"line":117,"column":4},"end":{"line":119,"column":5}},{"start":{},"end":{}}],"line":117},"3":{"loc":{"start":{"line":117,"column":8},"end":{"line":117,"column":38}},"type":"binary-expr","locations":[{"start":{"line":117,"column":8},"end":{"line":117,"column":13}},{"start":{"line":117,"column":17},"end":{"line":117,"column":38}}],"line":117},"4":{"loc":{"start":{"line":122,"column":4},"end":{"line":124,"column":5}},"type":"if","locations":[{"start":{"line":122,"column":4},"end":{"line":124,"column":5}},{"start":{},"end":{}}],"line":122},"5":{"loc":{"start":{"line":159,"column":4},"end":{"line":161,"column":5}},"type":"if","locations":[{"start":{"line":159,"column":4},"end":{"line":161,"column":5}},{"start":{},"end":{}}],"line":159},"6":{"loc":{"start":{"line":193,"column":4},"end":{"line":195,"column":5}},"type":"if","locations":[{"start":{"line":193,"column":4},"end":{"line":195,"column":5}},{"start":{},"end":{}}],"line":193},"7":{"loc":{"start":{"line":198,"column":4},"end":{"line":200,"column":5}},"type":"if","locations":[{"start":{"line":198,"column":4},"end":{"line":200,"column":5}},{"start":{},"end":{}}],"line":198},"8":{"loc":{"start":{"line":203,"column":4},"end":{"line":205,"column":5}},"type":"if","locations":[{"start":{"line":203,"column":4},"end":{"line":205,"column":5}},{"start":{},"end":{}}],"line":203},"9":{"loc":{"start":{"line":207,"column":4},"end":{"line":209,"column":5}},"type":"if","locations":[{"start":{"line":207,"column":4},"end":{"line":209,"column":5}},{"start":{},"end":{}}],"line":207}},"s":{"0":1,"1":1,"2":1,"3":1,"4":1,"5":1,"6":1,"7":1,"8":1,"9":1,"10":59,"11":59,"12":46,"13":46,"14":46,"15":13,"16":1,"17":4,"18":4,"19":4,"20":1,"21":3,"22":3,"23":3,"24":3,"25":0,"26":1,"27":1,"28":1,"29":1,"30":1,"31":1,"32":0,"33":1,"34":4,"35":1,"36":0,"37":0,"38":0,"39":0,"40":0,"41":0,"42":0,"43":0,"44":0,"45":0,"46":0,"47":0,"48":0,"49":0,"50":1,"51":0,"52":0,"53":0,"54":0,"55":0,"56":0,"57":0,"58":0,"59":0,"60":0,"61":1,"62":0,"63":0,"64":0,"65":0,"66":0,"67":0,"68":0,"69":0,"70":0,"71":0,"72":0,"73":0,"74":0,"75":0,"76":0,"77":0,"78":0,"79":0,"80":1},"f":{"0":59,"1":4,"2":1,"3":4,"4":0,"5":0,"6":0},"b":{"0":[0,1],"1":[1,3],"2":[0,0],"3":[0,0],"4":[0,0],"5":[0,0],"6":[0,0],"7":[0,0],"8":[0,0],"9":[0,0]},"_coverageSchema":"1a1c01bbd47fc00a2c39e90264f33305004495a9","hash":"495362b89d2a5234b0a261d2d72df912b4f18cb0","contentHash":"0d0a59fc2c7f3ba1cb3ea9f156fcbb3322405721911896e0293a6dd974f55245"},"X:\\tail website\\backend\\src\\models\\User.js":{"path":"X:\\tail website\\backend\\src\\models\\User.js","statementMap":{"0":{"start":{"line":2,"column":17},"end":{"line":2,"column":36}},"1":{"start":{"line":3,"column":17},"end":{"line":3,"column":36}},"2":{"start":{"line":5,"column":29},"end":{"line":13,"column":1}},"3":{"start":{"line":6,"column":17},"end":{"line":6,"column":53}},"4":{"start":{"line":7,"column":2},"end":{"line":7,"column":48}},"5":{"start":{"line":7,"column":28},"end":{"line":7,"column":48}},"6":{"start":{"line":8,"column":2},"end":{"line":8,"column":68}},"7":{"start":{"line":8,"column":54},"end":{"line":8,"column":68}},"8":{"start":{"line":9,"column":2},"end":{"line":9,"column":84}},"9":{"start":{"line":9,"column":55},"end":{"line":9,"column":84}},"10":{"start":{"line":10,"column":2},"end":{"line":10,"column":79}},"11":{"start":{"line":10,"column":56},"end":{"line":10,"column":79}},"12":{"start":{"line":11,"column":2},"end":{"line":11,"column":86}},"13":{"start":{"line":11,"column":57},"end":{"line":11,"column":86}},"14":{"start":{"line":12,"column":2},"end":{"line":12,"column":16}},"15":{"start":{"line":15,"column":19},"end":{"line":62,"column":2}},"16":{"start":{"line":66,"column":0},"end":{"line":75,"column":3}},"17":{"start":{"line":67,"column":2},"end":{"line":69,"column":3}},"18":{"start":{"line":68,"column":4},"end":{"line":68,"column":50}},"19":{"start":{"line":71,"column":2},"end":{"line":71,"column":50}},"20":{"start":{"line":71,"column":36},"end":{"line":71,"column":50}},"21":{"start":{"line":72,"column":2},"end":{"line":72,"column":64}},"22":{"start":{"line":73,"column":2},"end":{"line":73,"column":55}},"23":{"start":{"line":74,"column":2},"end":{"line":74,"column":9}},"24":{"start":{"line":79,"column":0},"end":{"line":85,"column":2}},"25":{"start":{"line":81,"column":2},"end":{"line":83,"column":3}},"26":{"start":{"line":82,"column":4},"end":{"line":82,"column":107}},"27":{"start":{"line":84,"column":2},"end":{"line":84,"column":46}},"28":{"start":{"line":87,"column":0},"end":{"line":94,"column":2}},"29":{"start":{"line":88,"column":2},"end":{"line":88,"column":32}},"30":{"start":{"line":89,"column":2},"end":{"line":92,"column":3}},"31":{"start":{"line":90,"column":4},"end":{"line":90,"column":26}},"32":{"start":{"line":91,"column":4},"end":{"line":91,"column":63}},"33":{"start":{"line":93,"column":2},"end":{"line":93,"column":49}},"34":{"start":{"line":96,"column":0},"end":{"line":101,"column":2}},"35":{"start":{"line":97,"column":2},"end":{"line":97,"column":31}},"36":{"start":{"line":98,"column":2},"end":{"line":98,"column":35}},"37":{"start":{"line":99,"column":2},"end":{"line":99,"column":39}},"38":{"start":{"line":100,"column":2},"end":{"line":100,"column":49}},"39":{"start":{"line":103,"column":0},"end":{"line":113,"column":2}},"40":{"start":{"line":104,"column":14},"end":{"line":104,"column":29}},"41":{"start":{"line":105,"column":2},"end":{"line":105,"column":22}},"42":{"start":{"line":106,"column":2},"end":{"line":106,"column":29}},"43":{"start":{"line":107,"column":2},"end":{"line":107,"column":19}},"44":{"start":{"line":108,"column":2},"end":{"line":108,"column":33}},"45":{"start":{"line":109,"column":2},"end":{"line":109,"column":23}},"46":{"start":{"line":110,"column":2},"end":{"line":110,"column":22}},"47":{"start":{"line":111,"column":2},"end":{"line":111,"column":17}},"48":{"start":{"line":112,"column":2},"end":{"line":112,"column":13}},"49":{"start":{"line":117,"column":0},"end":{"line":117,"column":49}},"50":{"start":{"line":119,"column":0},"end":{"line":119,"column":52}}},"fnMap":{"0":{"name":"(anonymous_0)","decl":{"start":{"line":5,"column":29},"end":{"line":5,"column":30}},"loc":{"start":{"line":5,"column":38},"end":{"line":13,"column":1}},"line":5},"1":{"name":"(anonymous_1)","decl":{"start":{"line":66,"column":23},"end":{"line":66,"column":24}},"loc":{"start":{"line":66,"column":45},"end":{"line":75,"column":1}},"line":66},"2":{"name":"(anonymous_2)","decl":{"start":{"line":79,"column":37},"end":{"line":79,"column":38}},"loc":{"start":{"line":79,"column":60},"end":{"line":85,"column":1}},"line":79},"3":{"name":"(anonymous_3)","decl":{"start":{"line":87,"column":45},"end":{"line":87,"column":46}},"loc":{"start":{"line":87,"column":63},"end":{"line":94,"column":1}},"line":87},"4":{"name":"(anonymous_4)","decl":{"start":{"line":96,"column":41},"end":{"line":96,"column":42}},"loc":{"start":{"line":96,"column":59},"end":{"line":101,"column":1}},"line":96},"5":{"name":"(anonymous_5)","decl":{"start":{"line":103,"column":28},"end":{"line":103,"column":29}},"loc":{"start":{"line":103,"column":40},"end":{"line":113,"column":1}},"line":103}},"branchMap":{"0":{"loc":{"start":{"line":6,"column":24},"end":{"line":6,"column":33}},"type":"binary-expr","locations":[{"start":{"line":6,"column":24},"end":{"line":6,"column":27}},{"start":{"line":6,"column":31},"end":{"line":6,"column":33}}],"line":6},"1":{"loc":{"start":{"line":7,"column":2},"end":{"line":7,"column":48}},"type":"if","locations":[{"start":{"line":7,"column":2},"end":{"line":7,"column":48}},{"start":{},"end":{}}],"line":7},"2":{"loc":{"start":{"line":8,"column":2},"end":{"line":8,"column":68}},"type":"if","locations":[{"start":{"line":8,"column":2},"end":{"line":8,"column":68}},{"start":{},"end":{}}],"line":8},"3":{"loc":{"start":{"line":8,"column":6},"end":{"line":8,"column":52}},"type":"binary-expr","locations":[{"start":{"line":8,"column":6},"end":{"line":8,"column":26}},{"start":{"line":8,"column":30},"end":{"line":8,"column":52}}],"line":8},"4":{"loc":{"start":{"line":9,"column":2},"end":{"line":9,"column":84}},"type":"if","locations":[{"start":{"line":9,"column":2},"end":{"line":9,"column":84}},{"start":{},"end":{}}],"line":9},"5":{"loc":{"start":{"line":9,"column":6},"end":{"line":9,"column":53}},"type":"binary-expr","locations":[{"start":{"line":9,"column":6},"end":{"line":9,"column":26}},{"start":{"line":9,"column":30},"end":{"line":9,"column":53}}],"line":9},"6":{"loc":{"start":{"line":10,"column":2},"end":{"line":10,"column":79}},"type":"if","locations":[{"start":{"line":10,"column":2},"end":{"line":10,"column":79}},{"start":{},"end":{}}],"line":10},"7":{"loc":{"start":{"line":10,"column":6},"end":{"line":10,"column":54}},"type":"binary-expr","locations":[{"start":{"line":10,"column":6},"end":{"line":10,"column":26}},{"start":{"line":10,"column":30},"end":{"line":10,"column":54}}],"line":10},"8":{"loc":{"start":{"line":11,"column":2},"end":{"line":11,"column":86}},"type":"if","locations":[{"start":{"line":11,"column":2},"end":{"line":11,"column":86}},{"start":{},"end":{}}],"line":11},"9":{"loc":{"start":{"line":11,"column":6},"end":{"line":11,"column":55}},"type":"binary-expr","locations":[{"start":{"line":11,"column":6},"end":{"line":11,"column":26}},{"start":{"line":11,"column":30},"end":{"line":11,"column":55}}],"line":11},"10":{"loc":{"start":{"line":67,"column":2},"end":{"line":69,"column":3}},"type":"if","locations":[{"start":{"line":67,"column":2},"end":{"line":69,"column":3}},{"start":{},"end":{}}],"line":67},"11":{"loc":{"start":{"line":71,"column":2},"end":{"line":71,"column":50}},"type":"if","locations":[{"start":{"line":71,"column":2},"end":{"line":71,"column":50}},{"start":{},"end":{}}],"line":71},"12":{"loc":{"start":{"line":81,"column":2},"end":{"line":83,"column":3}},"type":"if","locations":[{"start":{"line":81,"column":2},"end":{"line":83,"column":3}},{"start":{},"end":{}}],"line":81},"13":{"loc":{"start":{"line":81,"column":6},"end":{"line":81,"column":92}},"type":"binary-expr","locations":[{"start":{"line":81,"column":6},"end":{"line":81,"column":20}},{"start":{"line":81,"column":24},"end":{"line":81,"column":57}},{"start":{"line":81,"column":61},"end":{"line":81,"column":92}}],"line":81},"14":{"loc":{"start":{"line":89,"column":2},"end":{"line":92,"column":3}},"type":"if","locations":[{"start":{"line":89,"column":2},"end":{"line":92,"column":3}},{"start":{},"end":{}}],"line":89}},"s":{"0":1,"1":1,"2":1,"3":56,"4":56,"5":0,"6":56,"7":56,"8":0,"9":0,"10":0,"11":0,"12":0,"13":0,"14":0,"15":1,"16":1,"17":190,"18":56,"19":190,"20":72,"21":118,"22":118,"23":118,"24":1,"25":74,"26":0,"27":74,"28":1,"29":14,"30":14,"31":2,"32":2,"33":14,"34":1,"35":56,"36":56,"37":56,"38":56,"39":1,"40":4,"41":4,"42":4,"43":4,"44":4,"45":4,"46":4,"47":4,"48":4,"49":1,"50":1},"f":{"0":56,"1":190,"2":74,"3":14,"4":56,"5":4},"b":{"0":[56,0],"1":[0,56],"2":[56,0],"3":[56,56],"4":[0,0],"5":[0,0],"6":[0,0],"7":[0,0],"8":[0,0],"9":[0,0],"10":[56,134],"11":[72,118],"12":[0,74],"13":[74,74,74],"14":[2,12]},"_coverageSchema":"1a1c01bbd47fc00a2c39e90264f33305004495a9","hash":"7911d4aa38d9a646949e0a6e2051f9072c722094","contentHash":"7324bbdcf45ff429d20c8d5b1e581f0c5a4a3fc196638d449bbf4d5053dc728a"},"X:\\tail website\\backend\\src\\services\\authService.js":{"path":"X:\\tail website\\backend\\src\\services\\authService.js","statementMap":{"0":{"start":{"line":2,"column":17},"end":{"line":2,"column":40}},"1":{"start":{"line":3,"column":17},"end":{"line":3,"column":34}},"2":{"start":{"line":4,"column":17},"end":{"line":4,"column":42}},"3":{"start":{"line":5,"column":21},"end":{"line":5,"column":54}},"4":{"start":{"line":6,"column":17},"end":{"line":6,"column":37}},"5":{"start":{"line":7,"column":17},"end":{"line":7,"column":45}},"6":{"start":{"line":8,"column":17},"end":{"line":8,"column":43}},"7":{"start":{"line":9,"column":27},"end":{"line":9,"column":52}},"8":{"start":{"line":13,"column":24},"end":{"line":18,"column":3}},"9":{"start":{"line":14,"column":2},"end":{"line":18,"column":3}},"10":{"start":{"line":20,"column":29},"end":{"line":20,"column":73}},"11":{"start":{"line":20,"column":35},"end":{"line":20,"column":73}},"12":{"start":{"line":22,"column":18},"end":{"line":23,"column":55}},"13":{"start":{"line":23,"column":2},"end":{"line":23,"column":55}},"14":{"start":{"line":27,"column":14},"end":{"line":117,"column":1}},"15":{"start":{"line":28,"column":26},"end":{"line":28,"column":66}},"16":{"start":{"line":31,"column":15},"end":{"line":32,"column":73}},"17":{"start":{"line":34,"column":2},"end":{"line":37,"column":3}},"18":{"start":{"line":35,"column":4},"end":{"line":35,"column":94}},"19":{"start":{"line":36,"column":4},"end":{"line":36,"column":51}},"20":{"start":{"line":40,"column":2},"end":{"line":43,"column":3}},"21":{"start":{"line":41,"column":24},"end":{"line":41,"column":72}},"22":{"start":{"line":42,"column":4},"end":{"line":42,"column":85}},"23":{"start":{"line":45,"column":25},"end":{"line":53,"column":3}},"24":{"start":{"line":46,"column":19},"end":{"line":46,"column":55}},"25":{"start":{"line":47,"column":4},"end":{"line":47,"column":50}},"26":{"start":{"line":47,"column":30},"end":{"line":47,"column":50}},"27":{"start":{"line":48,"column":4},"end":{"line":48,"column":70}},"28":{"start":{"line":48,"column":56},"end":{"line":48,"column":70}},"29":{"start":{"line":49,"column":4},"end":{"line":49,"column":86}},"30":{"start":{"line":49,"column":57},"end":{"line":49,"column":86}},"31":{"start":{"line":50,"column":4},"end":{"line":50,"column":81}},"32":{"start":{"line":50,"column":58},"end":{"line":50,"column":81}},"33":{"start":{"line":51,"column":4},"end":{"line":51,"column":88}},"34":{"start":{"line":51,"column":59},"end":{"line":51,"column":88}},"35":{"start":{"line":52,"column":4},"end":{"line":52,"column":18}},"36":{"start":{"line":56,"column":22},"end":{"line":56,"column":58}},"37":{"start":{"line":59,"column":19},"end":{"line":59,"column":24}},"38":{"start":{"line":60,"column":2},"end":{"line":64,"column":3}},"39":{"start":{"line":61,"column":23},"end":{"line":61,"column":54}},"40":{"start":{"line":62,"column":24},"end":{"line":62,"column":50}},"41":{"start":{"line":63,"column":4},"end":{"line":63,"column":87}},"42":{"start":{"line":67,"column":2},"end":{"line":71,"column":3}},"43":{"start":{"line":68,"column":4},"end":{"line":68,"column":41}},"44":{"start":{"line":69,"column":4},"end":{"line":69,"column":91}},"45":{"start":{"line":70,"column":4},"end":{"line":70,"column":51}},"46":{"start":{"line":74,"column":2},"end":{"line":76,"column":3}},"47":{"start":{"line":75,"column":4},"end":{"line":75,"column":78}},"48":{"start":{"line":79,"column":2},"end":{"line":79,"column":35}},"49":{"start":{"line":82,"column":27},"end":{"line":82,"column":48}},"50":{"start":{"line":83,"column":27},"end":{"line":83,"column":49}},"51":{"start":{"line":84,"column":27},"end":{"line":84,"column":53}},"52":{"start":{"line":87,"column":2},"end":{"line":93,"column":5}},"53":{"start":{"line":96,"column":2},"end":{"line":103,"column":5}},"54":{"start":{"line":105,"column":2},"end":{"line":105,"column":86}},"55":{"start":{"line":107,"column":2},"end":{"line":116,"column":4}},"56":{"start":{"line":121,"column":27},"end":{"line":155,"column":1}},"57":{"start":{"line":122,"column":2},"end":{"line":122,"column":68}},"58":{"start":{"line":122,"column":24},"end":{"line":122,"column":68}},"59":{"start":{"line":124,"column":22},"end":{"line":124,"column":48}},"60":{"start":{"line":126,"column":17},"end":{"line":130,"column":4}},"61":{"start":{"line":132,"column":2},"end":{"line":132,"column":75}},"62":{"start":{"line":132,"column":15},"end":{"line":132,"column":75}},"63":{"start":{"line":134,"column":15},"end":{"line":134,"column":49}},"64":{"start":{"line":135,"column":2},"end":{"line":135,"column":85}},"65":{"start":{"line":135,"column":31},"end":{"line":135,"column":85}},"66":{"start":{"line":138,"column":2},"end":{"line":138,"column":26}},"67":{"start":{"line":139,"column":2},"end":{"line":139,"column":22}},"68":{"start":{"line":141,"column":29},"end":{"line":141,"column":50}},"69":{"start":{"line":142,"column":29},"end":{"line":142,"column":51}},"70":{"start":{"line":143,"column":29},"end":{"line":143,"column":58}},"71":{"start":{"line":145,"column":2},"end":{"line":150,"column":5}},"72":{"start":{"line":152,"column":2},"end":{"line":152,"column":55}},"73":{"start":{"line":154,"column":2},"end":{"line":154,"column":75}},"74":{"start":{"line":159,"column":15},"end":{"line":177,"column":1}},"75":{"start":{"line":160,"column":2},"end":{"line":166,"column":3}},"76":{"start":{"line":161,"column":24},"end":{"line":161,"column":50}},"77":{"start":{"line":162,"column":4},"end":{"line":165,"column":6}},"78":{"start":{"line":168,"column":2},"end":{"line":174,"column":5}},"79":{"start":{"line":176,"column":2},"end":{"line":176,"column":45}},"80":{"start":{"line":179,"column":0},"end":{"line":179,"column":55}}},"fnMap":{"0":{"name":"(anonymous_0)","decl":{"start":{"line":13,"column":24},"end":{"line":13,"column":25}},"loc":{"start":{"line":14,"column":2},"end":{"line":18,"column":3}},"line":14},"1":{"name":"(anonymous_1)","decl":{"start":{"line":20,"column":29},"end":{"line":20,"column":30}},"loc":{"start":{"line":20,"column":35},"end":{"line":20,"column":73}},"line":20},"2":{"name":"(anonymous_2)","decl":{"start":{"line":22,"column":18},"end":{"line":22,"column":19}},"loc":{"start":{"line":23,"column":2},"end":{"line":23,"column":55}},"line":23},"3":{"name":"(anonymous_3)","decl":{"start":{"line":27,"column":14},"end":{"line":27,"column":15}},"loc":{"start":{"line":27,"column":78},"end":{"line":117,"column":1}},"line":27},"4":{"name":"(anonymous_4)","decl":{"start":{"line":45,"column":25},"end":{"line":45,"column":26}},"loc":{"start":{"line":45,"column":34},"end":{"line":53,"column":3}},"line":45},"5":{"name":"(anonymous_5)","decl":{"start":{"line":121,"column":27},"end":{"line":121,"column":28}},"loc":{"start":{"line":121,"column":80},"end":{"line":155,"column":1}},"line":121},"6":{"name":"(anonymous_6)","decl":{"start":{"line":159,"column":15},"end":{"line":159,"column":16}},"loc":{"start":{"line":159,"column":65},"end":{"line":177,"column":1}},"line":159}},"branchMap":{"0":{"loc":{"start":{"line":28,"column":33},"end":{"line":28,"column":44}},"type":"binary-expr","locations":[{"start":{"line":28,"column":33},"end":{"line":28,"column":38}},{"start":{"line":28,"column":42},"end":{"line":28,"column":44}}],"line":28},"1":{"loc":{"start":{"line":34,"column":2},"end":{"line":37,"column":3}},"type":"if","locations":[{"start":{"line":34,"column":2},"end":{"line":37,"column":3}},{"start":{},"end":{}}],"line":34},"2":{"loc":{"start":{"line":40,"column":2},"end":{"line":43,"column":3}},"type":"if","locations":[{"start":{"line":40,"column":2},"end":{"line":43,"column":3}},{"start":{},"end":{}}],"line":40},"3":{"loc":{"start":{"line":40,"column":6},"end":{"line":40,"column":50}},"type":"binary-expr","locations":[{"start":{"line":40,"column":6},"end":{"line":40,"column":19}},{"start":{"line":40,"column":23},"end":{"line":40,"column":50}}],"line":40},"4":{"loc":{"start":{"line":46,"column":26},"end":{"line":46,"column":35}},"type":"binary-expr","locations":[{"start":{"line":46,"column":26},"end":{"line":46,"column":29}},{"start":{"line":46,"column":33},"end":{"line":46,"column":35}}],"line":46},"5":{"loc":{"start":{"line":47,"column":4},"end":{"line":47,"column":50}},"type":"if","locations":[{"start":{"line":47,"column":4},"end":{"line":47,"column":50}},{"start":{},"end":{}}],"line":47},"6":{"loc":{"start":{"line":48,"column":4},"end":{"line":48,"column":70}},"type":"if","locations":[{"start":{"line":48,"column":4},"end":{"line":48,"column":70}},{"start":{},"end":{}}],"line":48},"7":{"loc":{"start":{"line":48,"column":8},"end":{"line":48,"column":54}},"type":"binary-expr","locations":[{"start":{"line":48,"column":8},"end":{"line":48,"column":28}},{"start":{"line":48,"column":32},"end":{"line":48,"column":54}}],"line":48},"8":{"loc":{"start":{"line":49,"column":4},"end":{"line":49,"column":86}},"type":"if","locations":[{"start":{"line":49,"column":4},"end":{"line":49,"column":86}},{"start":{},"end":{}}],"line":49},"9":{"loc":{"start":{"line":49,"column":8},"end":{"line":49,"column":55}},"type":"binary-expr","locations":[{"start":{"line":49,"column":8},"end":{"line":49,"column":28}},{"start":{"line":49,"column":32},"end":{"line":49,"column":55}}],"line":49},"10":{"loc":{"start":{"line":50,"column":4},"end":{"line":50,"column":81}},"type":"if","locations":[{"start":{"line":50,"column":4},"end":{"line":50,"column":81}},{"start":{},"end":{}}],"line":50},"11":{"loc":{"start":{"line":50,"column":8},"end":{"line":50,"column":56}},"type":"binary-expr","locations":[{"start":{"line":50,"column":8},"end":{"line":50,"column":28}},{"start":{"line":50,"column":32},"end":{"line":50,"column":56}}],"line":50},"12":{"loc":{"start":{"line":51,"column":4},"end":{"line":51,"column":88}},"type":"if","locations":[{"start":{"line":51,"column":4},"end":{"line":51,"column":88}},{"start":{},"end":{}}],"line":51},"13":{"loc":{"start":{"line":51,"column":8},"end":{"line":51,"column":57}},"type":"binary-expr","locations":[{"start":{"line":51,"column":8},"end":{"line":51,"column":28}},{"start":{"line":51,"column":32},"end":{"line":51,"column":57}}],"line":51},"14":{"loc":{"start":{"line":60,"column":2},"end":{"line":64,"column":3}},"type":"if","locations":[{"start":{"line":60,"column":2},"end":{"line":64,"column":3}},{"start":{},"end":{}}],"line":60},"15":{"loc":{"start":{"line":60,"column":6},"end":{"line":60,"column":34}},"type":"binary-expr","locations":[{"start":{"line":60,"column":6},"end":{"line":60,"column":20}},{"start":{"line":60,"column":24},"end":{"line":60,"column":34}}],"line":60},"16":{"loc":{"start":{"line":63,"column":17},"end":{"line":63,"column":86}},"type":"binary-expr","locations":[{"start":{"line":63,"column":17},"end":{"line":63,"column":34}},{"start":{"line":63,"column":38},"end":{"line":63,"column":56}},{"start":{"line":63,"column":60},"end":{"line":63,"column":86}}],"line":63},"17":{"loc":{"start":{"line":67,"column":2},"end":{"line":71,"column":3}},"type":"if","locations":[{"start":{"line":67,"column":2},"end":{"line":71,"column":3}},{"start":{},"end":{}}],"line":67},"18":{"loc":{"start":{"line":67,"column":6},"end":{"line":67,"column":35}},"type":"binary-expr","locations":[{"start":{"line":67,"column":6},"end":{"line":67,"column":20}},{"start":{"line":67,"column":24},"end":{"line":67,"column":35}}],"line":67},"19":{"loc":{"start":{"line":74,"column":2},"end":{"line":76,"column":3}},"type":"if","locations":[{"start":{"line":74,"column":2},"end":{"line":76,"column":3}},{"start":{},"end":{}}],"line":74},"20":{"loc":{"start":{"line":122,"column":2},"end":{"line":122,"column":68}},"type":"if","locations":[{"start":{"line":122,"column":2},"end":{"line":122,"column":68}},{"start":{},"end":{}}],"line":122},"21":{"loc":{"start":{"line":132,"column":2},"end":{"line":132,"column":75}},"type":"if","locations":[{"start":{"line":132,"column":2},"end":{"line":132,"column":75}},{"start":{},"end":{}}],"line":132},"22":{"loc":{"start":{"line":135,"column":2},"end":{"line":135,"column":85}},"type":"if","locations":[{"start":{"line":135,"column":2},"end":{"line":135,"column":85}},{"start":{},"end":{}}],"line":135},"23":{"loc":{"start":{"line":135,"column":6},"end":{"line":135,"column":29}},"type":"binary-expr","locations":[{"start":{"line":135,"column":6},"end":{"line":135,"column":11}},{"start":{"line":135,"column":15},"end":{"line":135,"column":29}}],"line":135},"24":{"loc":{"start":{"line":160,"column":2},"end":{"line":166,"column":3}},"type":"if","locations":[{"start":{"line":160,"column":2},"end":{"line":166,"column":3}},{"start":{},"end":{}}],"line":160}},"s":{"0":1,"1":1,"2":1,"3":1,"4":1,"5":1,"6":1,"7":1,"8":1,"9":59,"10":1,"11":59,"12":1,"13":63,"14":1,"15":81,"16":81,"17":81,"18":8,"19":8,"20":73,"21":2,"22":2,"23":71,"24":6,"25":6,"26":0,"27":6,"28":6,"29":0,"30":0,"31":0,"32":0,"33":0,"34":0,"35":0,"36":71,"37":71,"38":71,"39":3,"40":3,"41":3,"42":71,"43":14,"44":14,"45":14,"46":57,"47":1,"48":56,"49":56,"50":56,"51":56,"52":56,"53":56,"54":56,"55":56,"56":1,"57":3,"58":0,"59":3,"60":3,"61":3,"62":0,"63":3,"64":3,"65":0,"66":3,"67":3,"68":3,"69":3,"70":3,"71":3,"72":3,"73":3,"74":1,"75":1,"76":1,"77":1,"78":1,"79":1,"80":1},"f":{"0":59,"1":59,"2":63,"3":81,"4":6,"5":3,"6":1},"b":{"0":[81,0],"1":[8,73],"2":[2,71],"3":[73,2],"4":[6,0],"5":[0,6],"6":[6,0],"7":[6,6],"8":[0,0],"9":[0,0],"10":[0,0],"11":[0,0],"12":[0,0],"13":[0,0],"14":[3,68],"15":[71,17],"16":[3,3,3],"17":[14,57],"18":[71,17],"19":[1,56],"20":[0,3],"21":[0,3],"22":[0,3],"23":[3,3],"24":[1,0]},"_coverageSchema":"1a1c01bbd47fc00a2c39e90264f33305004495a9","hash":"3cad5da28c1a7944af3becce322308c649b76c5f","contentHash":"9302fdd4f6507322fbd739cc11d9c569d96c2ce20aa2c298d0b44ba4996a500e"},"X:\\tail website\\backend\\src\\models\\RefreshToken.js":{"path":"X:\\tail website\\backend\\src\\models\\RefreshToken.js","statementMap":{"0":{"start":{"line":2,"column":17},"end":{"line":2,"column":36}},"1":{"start":{"line":4,"column":27},"end":{"line":20,"column":2}},"2":{"start":{"line":23,"column":0},"end":{"line":23,"column":70}},"3":{"start":{"line":24,"column":0},"end":{"line":24,"column":43}},"4":{"start":{"line":25,"column":0},"end":{"line":25,"column":40}},"5":{"start":{"line":27,"column":0},"end":{"line":27,"column":68}}},"fnMap":{},"branchMap":{},"s":{"0":1,"1":1,"2":1,"3":1,"4":1,"5":1},"f":{},"b":{},"_coverageSchema":"1a1c01bbd47fc00a2c39e90264f33305004495a9","hash":"07c819f543365f36318eaef8d84a32c8988b39e0","contentHash":"5e914f7a06d2b3ed50b0eb8d158b28519c71ee595670698017c9b0191e9eed80"},"X:\\tail website\\backend\\src\\services\\auditService.js":{"path":"X:\\tail website\\backend\\src\\services\\auditService.js","statementMap":{"0":{"start":{"line":2,"column":17},"end":{"line":2,"column":46}},"1":{"start":{"line":3,"column":17},"end":{"line":3,"column":43}},"2":{"start":{"line":5,"column":23},"end":{"line":19,"column":1}},"3":{"start":{"line":10,"column":2},"end":{"line":18,"column":3}},"4":{"start":{"line":11,"column":4},"end":{"line":14,"column":7}},"5":{"start":{"line":17,"column":4},"end":{"line":17,"column":63}},"6":{"start":{"line":21,"column":0},"end":{"line":21,"column":36}}},"fnMap":{"0":{"name":"(anonymous_0)","decl":{"start":{"line":5,"column":23},"end":{"line":5,"column":24}},"loc":{"start":{"line":9,"column":6},"end":{"line":19,"column":1}},"line":9}},"branchMap":{"0":{"loc":{"start":{"line":6,"column":17},"end":{"line":6,"column":32}},"type":"default-arg","locations":[{"start":{"line":6,"column":30},"end":{"line":6,"column":32}}],"line":6},"1":{"loc":{"start":{"line":6,"column":34},"end":{"line":6,"column":48}},"type":"default-arg","locations":[{"start":{"line":6,"column":46},"end":{"line":6,"column":48}}],"line":6},"2":{"loc":{"start":{"line":7,"column":2},"end":{"line":7,"column":17}},"type":"default-arg","locations":[{"start":{"line":7,"column":13},"end":{"line":7,"column":17}}],"line":7},"3":{"loc":{"start":{"line":7,"column":19},"end":{"line":7,"column":37}},"type":"default-arg","locations":[{"start":{"line":7,"column":33},"end":{"line":7,"column":37}}],"line":7},"4":{"loc":{"start":{"line":8,"column":2},"end":{"line":8,"column":14}},"type":"default-arg","locations":[{"start":{"line":8,"column":12},"end":{"line":8,"column":14}}],"line":8},"5":{"loc":{"start":{"line":8,"column":16},"end":{"line":8,"column":30}},"type":"default-arg","locations":[{"start":{"line":8,"column":28},"end":{"line":8,"column":30}}],"line":8}},"s":{"0":1,"1":1,"2":1,"3":67,"4":67,"5":0,"6":1},"f":{"0":67},"b":{"0":[11],"1":[10],"2":[61],"3":[57],"4":[0],"5":[0]},"_coverageSchema":"1a1c01bbd47fc00a2c39e90264f33305004495a9","hash":"5c64bbf86bd2779d04ff80e61d9ee4961d53c71d","contentHash":"dfffe6633f2e065cac2ca5fa7cfc289d21ef2a0efd48a7f9165ddca11a7315cb"},"X:\\tail website\\backend\\src\\models\\AuditLog.js":{"path":"X:\\tail website\\backend\\src\\models\\AuditLog.js","statementMap":{"0":{"start":{"line":2,"column":17},"end":{"line":2,"column":36}},"1":{"start":{"line":4,"column":23},"end":{"line":15,"column":2}},"2":{"start":{"line":17,"column":0},"end":{"line":17,"column":50}},"3":{"start":{"line":18,"column":0},"end":{"line":18,"column":51}},"4":{"start":{"line":20,"column":0},"end":{"line":20,"column":73}},"5":{"start":{"line":22,"column":0},"end":{"line":22,"column":60}}},"fnMap":{},"branchMap":{},"s":{"0":1,"1":1,"2":1,"3":1,"4":1,"5":1},"f":{},"b":{},"_coverageSchema":"1a1c01bbd47fc00a2c39e90264f33305004495a9","hash":"6791b4220d79e2a6b2945ee7ec3a4918868eea04","contentHash":"732fd898f103b229e78194a92034b2071f91a68ba83c4371dfc28ea85fd4b7ab"},"X:\\tail website\\backend\\src\\utils\\apiResponse.js":{"path":"X:\\tail website\\backend\\src\\utils\\apiResponse.js","statementMap":{"0":{"start":{"line":3,"column":20},"end":{"line":7,"column":1}},"1":{"start":{"line":4,"column":18},"end":{"line":4,"column":50}},"2":{"start":{"line":5,"column":2},"end":{"line":5,"column":32}},"3":{"start":{"line":5,"column":12},"end":{"line":5,"column":32}},"4":{"start":{"line":6,"column":2},"end":{"line":6,"column":46}},"5":{"start":{"line":9,"column":18},"end":{"line":10,"column":66}},"6":{"start":{"line":10,"column":2},"end":{"line":10,"column":66}},"7":{"start":{"line":12,"column":0},"end":{"line":12,"column":44}}},"fnMap":{"0":{"name":"(anonymous_0)","decl":{"start":{"line":3,"column":20},"end":{"line":3,"column":21}},"loc":{"start":{"line":3,"column":87},"end":{"line":7,"column":1}},"line":3},"1":{"name":"(anonymous_1)","decl":{"start":{"line":9,"column":18},"end":{"line":9,"column":19}},"loc":{"start":{"line":10,"column":2},"end":{"line":10,"column":66}},"line":10}},"branchMap":{"0":{"loc":{"start":{"line":3,"column":32},"end":{"line":3,"column":51}},"type":"default-arg","locations":[{"start":{"line":3,"column":42},"end":{"line":3,"column":51}}],"line":3},"1":{"loc":{"start":{"line":3,"column":53},"end":{"line":3,"column":69}},"type":"default-arg","locations":[{"start":{"line":3,"column":66},"end":{"line":3,"column":69}}],"line":3},"2":{"loc":{"start":{"line":3,"column":71},"end":{"line":3,"column":82}},"type":"default-arg","locations":[{"start":{"line":3,"column":78},"end":{"line":3,"column":82}}],"line":3},"3":{"loc":{"start":{"line":5,"column":2},"end":{"line":5,"column":32}},"type":"if","locations":[{"start":{"line":5,"column":2},"end":{"line":5,"column":32}},{"start":{},"end":{}}],"line":5},"4":{"loc":{"start":{"line":9,"column":24},"end":{"line":9,"column":41}},"type":"default-arg","locations":[{"start":{"line":9,"column":34},"end":{"line":9,"column":41}}],"line":9},"5":{"loc":{"start":{"line":9,"column":43},"end":{"line":9,"column":59}},"type":"default-arg","locations":[{"start":{"line":9,"column":56},"end":{"line":9,"column":59}}],"line":9},"6":{"loc":{"start":{"line":9,"column":61},"end":{"line":9,"column":72}},"type":"default-arg","locations":[{"start":{"line":9,"column":70},"end":{"line":9,"column":72}}],"line":9}},"s":{"0":1,"1":72,"2":72,"3":7,"4":72,"5":1,"6":1,"7":1},"f":{"0":72,"1":1},"b":{"0":[5],"1":[56],"2":[65],"3":[7,65],"4":[0],"5":[0],"6":[1]},"_coverageSchema":"1a1c01bbd47fc00a2c39e90264f33305004495a9","hash":"d46a879ba4b328b8c1d4fcf4fb385b38619ebf9d","contentHash":"e17cddd6af16dd5981b0f0357e6f38071d9f269d33869ec969ef0a57a5d34028"},"X:\\tail website\\backend\\src\\utils\\generateRecoveryKey.js":{"path":"X:\\tail website\\backend\\src\\utils\\generateRecoveryKey.js","statementMap":{"0":{"start":{"line":2,"column":15},"end":{"line":2,"column":32}},"1":{"start":{"line":4,"column":16},"end":{"line":4,"column":54}},"2":{"start":{"line":5,"column":23},"end":{"line":5,"column":24}},"3":{"start":{"line":6,"column":17},"end":{"line":6,"column":18}},"4":{"start":{"line":8,"column":24},"end":{"line":17,"column":1}},"5":{"start":{"line":9,"column":16},"end":{"line":9,"column":50}},"6":{"start":{"line":10,"column":16},"end":{"line":10,"column":18}},"7":{"start":{"line":12,"column":2},"end":{"line":14,"column":3}},"8":{"start":{"line":13,"column":4},"end":{"line":13,"column":46}},"9":{"start":{"line":16,"column":2},"end":{"line":16,"column":17}},"10":{"start":{"line":19,"column":28},"end":{"line":19,"column":93}},"11":{"start":{"line":19,"column":34},"end":{"line":19,"column":93}},"12":{"start":{"line":21,"column":0},"end":{"line":21,"column":37}}},"fnMap":{"0":{"name":"(anonymous_0)","decl":{"start":{"line":8,"column":24},"end":{"line":8,"column":25}},"loc":{"start":{"line":8,"column":30},"end":{"line":17,"column":1}},"line":8},"1":{"name":"(anonymous_1)","decl":{"start":{"line":19,"column":28},"end":{"line":19,"column":29}},"loc":{"start":{"line":19,"column":34},"end":{"line":19,"column":93}},"line":19}},"branchMap":{},"s":{"0":1,"1":1,"2":1,"3":1,"4":1,"5":0,"6":0,"7":0,"8":0,"9":0,"10":1,"11":0,"12":1},"f":{"0":0,"1":0},"b":{},"_coverageSchema":"1a1c01bbd47fc00a2c39e90264f33305004495a9","hash":"734140f094138259f0bcd68d421f850f311145be","contentHash":"f2871bcd25771888e1ea80c4a799635593971ef2ee1cf075c3ee8dd180ce4332"},"X:\\tail website\\backend\\src\\middleware\\validate.js":{"path":"X:\\tail website\\backend\\src\\middleware\\validate.js","statementMap":{"0":{"start":{"line":2,"column":29},"end":{"line":2,"column":57}},"1":{"start":{"line":4,"column":17},"end":{"line":14,"column":1}},"2":{"start":{"line":5,"column":17},"end":{"line":5,"column":38}},"3":{"start":{"line":6,"column":2},"end":{"line":12,"column":3}},"4":{"start":{"line":7,"column":4},"end":{"line":11,"column":7}},"5":{"start":{"line":10,"column":40},"end":{"line":10,"column":73}},"6":{"start":{"line":13,"column":2},"end":{"line":13,"column":9}},"7":{"start":{"line":16,"column":21},"end":{"line":35,"column":1}},"8":{"start":{"line":16,"column":33},"end":{"line":35,"column":1}},"9":{"start":{"line":17,"column":27},"end":{"line":20,"column":4}},"10":{"start":{"line":22,"column":2},"end":{"line":31,"column":3}},"11":{"start":{"line":23,"column":4},"end":{"line":30,"column":7}},"12":{"start":{"line":26,"column":44},"end":{"line":29,"column":7}},"13":{"start":{"line":33,"column":2},"end":{"line":33,"column":19}},"14":{"start":{"line":34,"column":2},"end":{"line":34,"column":9}},"15":{"start":{"line":37,"column":0},"end":{"line":37,"column":26}},"16":{"start":{"line":38,"column":0},"end":{"line":38,"column":43}}},"fnMap":{"0":{"name":"(anonymous_0)","decl":{"start":{"line":4,"column":17},"end":{"line":4,"column":18}},"loc":{"start":{"line":4,"column":37},"end":{"line":14,"column":1}},"line":4},"1":{"name":"(anonymous_1)","decl":{"start":{"line":10,"column":34},"end":{"line":10,"column":35}},"loc":{"start":{"line":10,"column":40},"end":{"line":10,"column":73}},"line":10},"2":{"name":"(anonymous_2)","decl":{"start":{"line":16,"column":21},"end":{"line":16,"column":22}},"loc":{"start":{"line":16,"column":33},"end":{"line":35,"column":1}},"line":16},"3":{"name":"(anonymous_3)","decl":{"start":{"line":16,"column":33},"end":{"line":16,"column":34}},"loc":{"start":{"line":16,"column":53},"end":{"line":35,"column":1}},"line":16},"4":{"name":"(anonymous_4)","decl":{"start":{"line":26,"column":33},"end":{"line":26,"column":34}},"loc":{"start":{"line":26,"column":44},"end":{"line":29,"column":7}},"line":26}},"branchMap":{"0":{"loc":{"start":{"line":6,"column":2},"end":{"line":12,"column":3}},"type":"if","locations":[{"start":{"line":6,"column":2},"end":{"line":12,"column":3}},{"start":{},"end":{}}],"line":6},"1":{"loc":{"start":{"line":22,"column":2},"end":{"line":31,"column":3}},"type":"if","locations":[{"start":{"line":22,"column":2},"end":{"line":31,"column":3}},{"start":{},"end":{}}],"line":22}},"s":{"0":1,"1":1,"2":80,"3":80,"4":7,"5":11,"6":73,"7":1,"8":2,"9":0,"10":0,"11":0,"12":0,"13":0,"14":0,"15":1,"16":1},"f":{"0":80,"1":11,"2":2,"3":0,"4":0},"b":{"0":[7,73],"1":[0,0]},"_coverageSchema":"1a1c01bbd47fc00a2c39e90264f33305004495a9","hash":"5564cb7fde904c8bd06fda1c509bcdd2e8088d5b","contentHash":"012441e5f0a7c7af1d4948eb7037658913525dcddd01999f532a4501b09be6e7"},"X:\\tail website\\backend\\src\\middleware\\auth.js":{"path":"X:\\tail website\\backend\\src\\middleware\\auth.js","statementMap":{"0":{"start":{"line":2,"column":17},"end":{"line":2,"column":40}},"1":{"start":{"line":3,"column":17},"end":{"line":3,"column":42}},"2":{"start":{"line":4,"column":17},"end":{"line":4,"column":37}},"3":{"start":{"line":5,"column":17},"end":{"line":5,"column":45}},"4":{"start":{"line":6,"column":17},"end":{"line":6,"column":43}},"5":{"start":{"line":8,"column":21},"end":{"line":33,"column":1}},"6":{"start":{"line":9,"column":2},"end":{"line":32,"column":3}},"7":{"start":{"line":10,"column":18},"end":{"line":10,"column":42}},"8":{"start":{"line":11,"column":4},"end":{"line":11,"column":67}},"9":{"start":{"line":11,"column":16},"end":{"line":11,"column":67}},"10":{"start":{"line":14,"column":4},"end":{"line":18,"column":5}},"11":{"start":{"line":15,"column":6},"end":{"line":15,"column":59}},"12":{"start":{"line":17,"column":6},"end":{"line":17,"column":58}},"13":{"start":{"line":21,"column":17},"end":{"line":21,"column":83}},"14":{"start":{"line":22,"column":4},"end":{"line":22,"column":73}},"15":{"start":{"line":22,"column":24},"end":{"line":22,"column":73}},"16":{"start":{"line":23,"column":4},"end":{"line":23,"column":80}},"17":{"start":{"line":23,"column":24},"end":{"line":23,"column":80}},"18":{"start":{"line":24,"column":4},"end":{"line":25,"column":89}},"19":{"start":{"line":25,"column":6},"end":{"line":25,"column":89}},"20":{"start":{"line":27,"column":4},"end":{"line":27,"column":20}},"21":{"start":{"line":28,"column":4},"end":{"line":28,"column":58}},"22":{"start":{"line":29,"column":4},"end":{"line":29,"column":11}},"23":{"start":{"line":31,"column":4},"end":{"line":31,"column":14}},"24":{"start":{"line":35,"column":18},"end":{"line":46,"column":1}},"25":{"start":{"line":35,"column":32},"end":{"line":46,"column":1}},"26":{"start":{"line":36,"column":2},"end":{"line":44,"column":3}},"27":{"start":{"line":37,"column":4},"end":{"line":42,"column":31}},"28":{"start":{"line":43,"column":4},"end":{"line":43,"column":88}},"29":{"start":{"line":45,"column":2},"end":{"line":45,"column":9}},"30":{"start":{"line":48,"column":33},"end":{"line":62,"column":1}},"31":{"start":{"line":49,"column":2},"end":{"line":61,"column":3}},"32":{"start":{"line":50,"column":4},"end":{"line":50,"column":49}},"33":{"start":{"line":50,"column":35},"end":{"line":50,"column":49}},"34":{"start":{"line":52,"column":28},"end":{"line":52,"column":64}},"35":{"start":{"line":53,"column":20},"end":{"line":53,"column":75}},"36":{"start":{"line":54,"column":4},"end":{"line":54,"column":79}},"37":{"start":{"line":54,"column":18},"end":{"line":54,"column":79}},"38":{"start":{"line":57,"column":4},"end":{"line":57,"column":44}},"39":{"start":{"line":58,"column":4},"end":{"line":58,"column":11}},"40":{"start":{"line":60,"column":4},"end":{"line":60,"column":14}},"41":{"start":{"line":64,"column":0},"end":{"line":64,"column":71}}},"fnMap":{"0":{"name":"(anonymous_0)","decl":{"start":{"line":8,"column":21},"end":{"line":8,"column":22}},"loc":{"start":{"line":8,"column":47},"end":{"line":33,"column":1}},"line":8},"1":{"name":"(anonymous_1)","decl":{"start":{"line":35,"column":18},"end":{"line":35,"column":19}},"loc":{"start":{"line":35,"column":32},"end":{"line":46,"column":1}},"line":35},"2":{"name":"(anonymous_2)","decl":{"start":{"line":35,"column":32},"end":{"line":35,"column":33}},"loc":{"start":{"line":35,"column":52},"end":{"line":46,"column":1}},"line":35},"3":{"name":"(anonymous_3)","decl":{"start":{"line":48,"column":33},"end":{"line":48,"column":34}},"loc":{"start":{"line":48,"column":59},"end":{"line":62,"column":1}},"line":48}},"branchMap":{"0":{"loc":{"start":{"line":11,"column":4},"end":{"line":11,"column":67}},"type":"if","locations":[{"start":{"line":11,"column":4},"end":{"line":11,"column":67}},{"start":{},"end":{}}],"line":11},"1":{"loc":{"start":{"line":22,"column":4},"end":{"line":22,"column":73}},"type":"if","locations":[{"start":{"line":22,"column":4},"end":{"line":22,"column":73}},{"start":{},"end":{}}],"line":22},"2":{"loc":{"start":{"line":23,"column":4},"end":{"line":23,"column":80}},"type":"if","locations":[{"start":{"line":23,"column":4},"end":{"line":23,"column":80}},{"start":{},"end":{}}],"line":23},"3":{"loc":{"start":{"line":24,"column":4},"end":{"line":25,"column":89}},"type":"if","locations":[{"start":{"line":24,"column":4},"end":{"line":25,"column":89}},{"start":{},"end":{}}],"line":24},"4":{"loc":{"start":{"line":24,"column":8},"end":{"line":24,"column":52}},"type":"binary-expr","locations":[{"start":{"line":24,"column":8},"end":{"line":24,"column":21}},{"start":{"line":24,"column":25},"end":{"line":24,"column":52}}],"line":24},"5":{"loc":{"start":{"line":28,"column":15},"end":{"line":28,"column":57}},"type":"binary-expr","locations":[{"start":{"line":28,"column":15},"end":{"line":28,"column":42}},{"start":{"line":28,"column":46},"end":{"line":28,"column":57}}],"line":28},"6":{"loc":{"start":{"line":36,"column":2},"end":{"line":44,"column":3}},"type":"if","locations":[{"start":{"line":36,"column":2},"end":{"line":44,"column":3}},{"start":{},"end":{}}],"line":36},"7":{"loc":{"start":{"line":50,"column":4},"end":{"line":50,"column":49}},"type":"if","locations":[{"start":{"line":50,"column":4},"end":{"line":50,"column":49}},{"start":{},"end":{}}],"line":50},"8":{"loc":{"start":{"line":54,"column":4},"end":{"line":54,"column":79}},"type":"if","locations":[{"start":{"line":54,"column":4},"end":{"line":54,"column":79}},{"start":{},"end":{}}],"line":54}},"s":{"0":1,"1":1,"2":1,"3":1,"4":1,"5":1,"6":43,"7":43,"8":43,"9":2,"10":41,"11":41,"12":0,"13":41,"14":41,"15":0,"16":41,"17":0,"18":41,"19":0,"20":41,"21":41,"22":41,"23":2,"24":1,"25":9,"26":35,"27":6,"28":6,"29":29,"30":1,"31":0,"32":0,"33":0,"34":0,"35":0,"36":0,"37":0,"38":0,"39":0,"40":0,"41":1},"f":{"0":43,"1":9,"2":35,"3":0},"b":{"0":[2,41],"1":[0,41],"2":[0,41],"3":[0,41],"4":[41,0],"5":[41,41],"6":[6,29],"7":[0,0],"8":[0,0]},"_coverageSchema":"1a1c01bbd47fc00a2c39e90264f33305004495a9","hash":"bc1de36cd37fcc0517d6d3dcea39da06f6e7c5b0","contentHash":"dff0a466139a4382cfd6149c7c0ee482233f2c8fd4d8635f7a94641297825dab"},"X:\\tail website\\backend\\src\\validators\\authValidator.js":{"path":"X:\\tail website\\backend\\src\\validators\\authValidator.js","statementMap":{"0":{"start":{"line":3,"column":23},"end":{"line":3,"column":74}},"1":{"start":{"line":3,"column":34},"end":{"line":3,"column":74}},"2":{"start":{"line":4,"column":29},"end":{"line":4,"column":80}},"3":{"start":{"line":4,"column":40},"end":{"line":4,"column":80}},"4":{"start":{"line":5,"column":26},"end":{"line":5,"column":56}},"5":{"start":{"line":5,"column":37},"end":{"line":5,"column":56}},"6":{"start":{"line":7,"column":27},"end":{"line":51,"column":1}},"7":{"start":{"line":9,"column":18},"end":{"line":13,"column":5}},"8":{"start":{"line":15,"column":19},"end":{"line":15,"column":21}},"9":{"start":{"line":17,"column":4},"end":{"line":21,"column":5}},"10":{"start":{"line":18,"column":6},"end":{"line":18,"column":69}},"11":{"start":{"line":19,"column":11},"end":{"line":21,"column":5}},"12":{"start":{"line":20,"column":6},"end":{"line":20,"column":87}},"13":{"start":{"line":23,"column":4},"end":{"line":32,"column":5}},"14":{"start":{"line":24,"column":6},"end":{"line":24,"column":81}},"15":{"start":{"line":26,"column":6},"end":{"line":28,"column":7}},"16":{"start":{"line":27,"column":8},"end":{"line":27,"column":102}},"17":{"start":{"line":29,"column":6},"end":{"line":31,"column":7}},"18":{"start":{"line":30,"column":8},"end":{"line":30,"column":101}},"19":{"start":{"line":34,"column":4},"end":{"line":43,"column":5}},"20":{"start":{"line":35,"column":6},"end":{"line":35,"column":81}},"21":{"start":{"line":37,"column":6},"end":{"line":39,"column":7}},"22":{"start":{"line":38,"column":8},"end":{"line":38,"column":101}},"23":{"start":{"line":40,"column":6},"end":{"line":42,"column":7}},"24":{"start":{"line":41,"column":8},"end":{"line":41,"column":102}},"25":{"start":{"line":45,"column":4},"end":{"line":47,"column":5}},"26":{"start":{"line":46,"column":6},"end":{"line":46,"column":44}},"27":{"start":{"line":49,"column":4},"end":{"line":49,"column":21}},"28":{"start":{"line":53,"column":34},"end":{"line":106,"column":1}},"29":{"start":{"line":55,"column":18},"end":{"line":59,"column":5}},"30":{"start":{"line":61,"column":19},"end":{"line":61,"column":21}},"31":{"start":{"line":63,"column":4},"end":{"line":72,"column":5}},"32":{"start":{"line":64,"column":6},"end":{"line":64,"column":81}},"33":{"start":{"line":66,"column":6},"end":{"line":68,"column":7}},"34":{"start":{"line":67,"column":8},"end":{"line":67,"column":101}},"35":{"start":{"line":69,"column":6},"end":{"line":71,"column":7}},"36":{"start":{"line":70,"column":8},"end":{"line":70,"column":102}},"37":{"start":{"line":74,"column":4},"end":{"line":83,"column":5}},"38":{"start":{"line":75,"column":6},"end":{"line":75,"column":81}},"39":{"start":{"line":77,"column":6},"end":{"line":79,"column":7}},"40":{"start":{"line":78,"column":8},"end":{"line":78,"column":101}},"41":{"start":{"line":80,"column":6},"end":{"line":82,"column":7}},"42":{"start":{"line":81,"column":8},"end":{"line":81,"column":102}},"43":{"start":{"line":85,"column":4},"end":{"line":94,"column":5}},"44":{"start":{"line":86,"column":6},"end":{"line":86,"column":89}},"45":{"start":{"line":88,"column":6},"end":{"line":90,"column":7}},"46":{"start":{"line":89,"column":8},"end":{"line":89,"column":109}},"47":{"start":{"line":91,"column":6},"end":{"line":93,"column":7}},"48":{"start":{"line":92,"column":8},"end":{"line":92,"column":110}},"49":{"start":{"line":96,"column":4},"end":{"line":98,"column":5}},"50":{"start":{"line":97,"column":6},"end":{"line":97,"column":104}},"51":{"start":{"line":100,"column":4},"end":{"line":102,"column":5}},"52":{"start":{"line"
[...]
":21,"column":59}},"9":{"start":{"line":22,"column":0},"end":{"line":24,"column":34}},"10":{"start":{"line":26,"column":0},"end":{"line":26,"column":24}}},"fnMap":{},"branchMap":{},"s":{"0":1,"1":1,"2":1,"3":1,"4":1,"5":1,"6":1,"7":1,"8":1,"9":1,"10":1},"f":{},"b":{},"_coverageSchema":"1a1c01bbd47fc00a2c39e90264f33305004495a9","hash":"1aeb76af44c7e339a78e7fe3707ff0d35392937b","contentHash":"329c3d0ecb9b58eefc6f15ddb8a59a93468c48303b5e24897050985912db010d"},"X:\\tail website\\backend\\src\\routes\\dailyRecordRoutes.js":{"path":"X:\\tail website\\backend\\src\\routes\\dailyRecordRoutes.js","statementMap":{"0":{"start":{"line":17,"column":15},"end":{"line":17,"column":42}},"1":{"start":{"line":18,"column":13},"end":{"line":18,"column":60}},"2":{"start":{"line":19,"column":36},"end":{"line":19,"column":65}},"3":{"start":{"line":21,"column":0},"end":{"line":21,"column":45}},"4":{"start":{"line":27,"column":0},"end":{"line":27,"column":34}},"5":{"start":{"line":33,"column":0},"end":{"line":33,"column":41}},"6":{"start":{"line":39,"column":0},"end":{"line":39,"column":36}},"7":{"start":{"line":45,"column":0},"end":{"line":45,"column":42}},"8":{"start":{"line":47,"column":0},"end":{"line":47,"column":24}}},"fnMap":{},"branchMap":{},"s":{"0":1,"1":1,"2":1,"3":1,"4":1,"5":1,"6":1,"7":1,"8":1},"f":{},"b":{},"_coverageSchema":"1a1c01bbd47fc00a2c39e90264f33305004495a9","hash":"ef415ab125153df80044c529bee4cffa106edba7","contentHash":"f439f85167d7901c5cc863a36f9442c5f15a5a37d2644ea2a545363053f9536c"},"X:\\tail website\\backend\\src\\controllers\\dailyRecordController.js":{"path":"X:\\tail website\\backend\\src\\controllers\\dailyRecordController.js","statementMap":{"0":{"start":{"line":3,"column":21},"end":{"line":3,"column":62}},"1":{"start":{"line":4,"column":20},"end":{"line":4,"column":52}},"2":{"start":{"line":5,"column":24},"end":{"line":5,"column":55}},"3":{"start":{"line":7,"column":18},"end":{"line":7,"column":62}},"4":{"start":{"line":7,"column":24},"end":{"line":7,"column":62}},"5":{"start":{"line":9,"column":20},"end":{"line":17,"column":1}},"6":{"start":{"line":10,"column":2},"end":{"line":16,"column":3}},"7":{"start":{"line":11,"column":17},"end":{"line":11,"column":46}},"8":{"start":{"line":12,"column":19},"end":{"line":12,"column":80}},"9":{"start":{"line":13,"column":4},"end":{"line":13,"column":36}},"10":{"start":{"line":15,"column":4},"end":{"line":15,"column":14}},"11":{"start":{"line":19,"column":17},"end":{"line":27,"column":1}},"12":{"start":{"line":20,"column":2},"end":{"line":26,"column":3}},"13":{"start":{"line":21,"column":18},"end":{"line":21,"column":29}},"14":{"start":{"line":22,"column":19},"end":{"line":22,"column":81}},"15":{"start":{"line":23,"column":4},"end":{"line":23,"column":36}},"16":{"start":{"line":25,"column":4},"end":{"line":25,"column":14}},"17":{"start":{"line":29,"column":19},"end":{"line":40,"column":1}},"18":{"start":{"line":30,"column":2},"end":{"line":39,"column":3}},"19":{"start":{"line":31,"column":19},"end":{"line":35,"column":6}},"20":{"start":{"line":36,"column":4},"end":{"line":36,"column":59}},"21":{"start":{"line":38,"column":4},"end":{"line":38,"column":14}},"22":{"start":{"line":42,"column":20},"end":{"line":70,"column":1}},"23":{"start":{"line":43,"column":2},"end":{"line":69,"column":3}},"24":{"start":{"line":44,"column":20},"end":{"line":44,"column":66}},"25":{"start":{"line":45,"column":21},"end":{"line":45,"column":84}},"26":{"start":{"line":47,"column":18},"end":{"line":47,"column":52}},"27":{"start":{"line":48,"column":20},"end":{"line":54,"column":13}},"28":{"start":{"line":56,"column":4},"end":{"line":66,"column":6}},"29":{"start":{"line":68,"column":4},"end":{"line":68,"column":14}},"30":{"start":{"line":72,"column":0},"end":{"line":77,"column":2}}},"fnMap":{"0":{"name":"(anonymous_0)","decl":{"start":{"line":7,"column":18},"end":{"line":7,"column":19}},"loc":{"start":{"line":7,"column":24},"end":{"line":7,"column":62}},"line":7},"1":{"name":"(anonymous_1)","decl":{"start":{"line":9,"column":20},"end":{"line":9,"column":21}},"loc":{"start":{"line":9,"column":46},"end":{"line":17,"column":1}},"line":9},"2":{"name":"(anonymous_2)","decl":{"start":{"line":19,"column":17},"end":{"line":19,"column":18}},"loc":{"start":{"line":19,"column":43},"end":{"line":27,"column":1}},"line":19},"3":{"name":"(anonymous_3)","decl":{"start":{"line":29,"column":19},"end":{"line":29,"column":20}},"loc":{"start":{"line":29,"column":45},"end":{"line":40,"column":1}},"line":29},"4":{"name":"(anonymous_4)","decl":{"start":{"line":42,"column":20},"end":{"line":42,"column":21}},"loc":{"start":{"line":42,"column":46},"end":{"line":70,"column":1}},"line":42}},"branchMap":{"0":{"loc":{"start":{"line":11,"column":17},"end":{"line":11,"column":46}},"type":"binary-expr","locations":[{"start":{"line":11,"column":17},"end":{"line":11,"column":31}},{"start":{"line":11,"column":35},"end":{"line":11,"column":46}}],"line":11},"1":{"loc":{"start":{"line":44,"column":29},"end":{"line":44,"column":62}},"type":"binary-expr","locations":[{"start":{"line":44,"column":29},"end":{"line":44,"column":57}},{"start":{"line":44,"column":61},"end":{"line":44,"column":62}}],"line":44},"2":{"loc":{"start":{"line":45,"column":39},"end":{"line":45,"column":74}},"type":"binary-expr","locations":[{"start":{"line":45,"column":39},"end":{"line":45,"column":68}},{"start":{"line":45,"column":72},"end":{"line":45,"column":74}}],"line":45}},"s":{"0":1,"1":1,"2":1,"3":1,"4":0,"5":1,"6":0,"7":0,"8":0,"9":0,"10":0,"11":1,"12":0,"13":0,"14":0,"15":0,"16":0,"17":1,"18":0,"19":0,"20":0,"21":0,"22":1,"23":0,"24":0,"25":0,"26":0,"27":0,"28":0,"29":0,"30":1},"f":{"0":0,"1":0,"2":0,"3":0,"4":0},"b":{"0":[0,0],"1":[0,0],"2":[0,0]},"_coverageSchema":"1a1c01bbd47fc00a2c39e90264f33305004495a9","hash":"2fd9a75c2f5fc1d5c76e642d5c79c7325c88c8e9","contentHash":"8af2757ddaca2b5b7f6251073530620db6477e890d0a73476ec975891f30ade5"},"X:\\tail website\\backend\\src\\services\\dailyRecordService.js":{"path":"X:\\tail website\\backend\\src\\services\\dailyRecordService.js","statementMap":{"0":{"start":{"line":3,"column":20},"end":{"line":3,"column":52}},"1":{"start":{"line":4,"column":20},"end":{"line":4,"column":52}},"2":{"start":{"line":5,"column":17},"end":{"line":5,"column":45}},"3":{"start":{"line":6,"column":27},"end":{"line":6,"column":52}},"4":{"start":{"line":7,"column":28},"end":{"line":7,"column":29}},"5":{"start":{"line":9,"column":20},"end":{"line":13,"column":1}},"6":{"start":{"line":10,"column":29},"end":{"line":10,"column":73}},"7":{"start":{"line":11,"column":2},"end":{"line":11,"column":78}},"8":{"start":{"line":11,"column":31},"end":{"line":11,"column":78}},"9":{"start":{"line":12,"column":2},"end":{"line":12,"column":81}},"10":{"start":{"line":15,"column":31},"end":{"line":61,"column":1}},"11":{"start":{"line":16,"column":15},"end":{"line":16,"column":35}},"12":{"start":{"line":17,"column":14},"end":{"line":17,"column":28}},"13":{"start":{"line":18,"column":2},"end":{"line":18,"column":42}},"14":{"start":{"line":20,"column":16},"end":{"line":36,"column":4}},"15":{"start":{"line":39,"column":24},"end":{"line":44,"column":3}},"16":{"start":{"line":47,"column":17},"end":{"line":56,"column":39}},"17":{"start":{"line":58,"column":2},"end":{"line":58,"column":83}},"18":{"start":{"line":58,"column":15},"end":{"line":58,"column":83}},"19":{"start":{"line":60,"column":2},"end":{"line":60,"column":16}},"20":{"start":{"line":63,"column":24},"end":{"line":83,"column":1}},"21":{"start":{"line":64,"column":17},"end":{"line":64,"column":53}},"22":{"start":{"line":65,"column":2},"end":{"line":65,"column":65}},"23":{"start":{"line":65,"column":15},"end":{"line":65,"column":65}},"24":{"start":{"line":66,"column":2},"end":{"line":66,"column":78}},"25":{"start":{"line":66,"column":23},"end":{"line":66,"column":78}},"26":{"start":{"line":68,"column":2},"end":{"line":68,"column":25}},"27":{"start":{"line":69,"column":2},"end":{"line":69,"column":29}},"28":{"start":{"line":70,"column":2},"end":{"line":70,"column":31}},"29":{"start":{"line":71,"column":2},"end":{"line":71,"column":22}},"30":{"start":{"line":73,"column":2},"end":{"line":80,"column":5}},"31":{"start":{"line":82,"column":2},"end":{"line":82,"column":16}},"32":{"start":{"line":85,"column":0},"end":{"line":85,"column":61}}},"fnMap":{"0":{"name":"(anonymous_0)","decl":{"start":{"line":9,"column":20},"end":{"line":9,"column":21}},"loc":{"start":{"line":9,"column":33},"end":{"line":13,"column":1}},"line":9},"1":{"name":"(anonymous_1)","decl":{"start":{"line":15,"column":31},"end":{"line":15,"column":32}},"loc":{"start":{"line":15,"column":61},"end":{"line":61,"column":1}},"line":15},"2":{"name":"(anonymous_2)","decl":{"start":{"line":63,"column":24},"end":{"line":63,"column":25}},"loc":{"start":{"line":63,"column":69},"end":{"line":83,"column":1}},"line":63}},"branchMap":{"0":{"loc":{"start":{"line":10,"column":36},"end":{"line":10,"column":49}},"type":"binary-expr","locations":[{"start":{"line":10,"column":36},"end":{"line":10,"column":43}},{"start":{"line":10,"column":47},"end":{"line":10,"column":49}}],"line":10},"1":{"loc":{"start":{"line":11,"column":2},"end":{"line":11,"column":78}},"type":"if","locations":[{"start":{"line":11,"column":2},"end":{"line":11,"column":78}},{"start":{},"end":{}}],"line":11},"2":{"loc":{"start":{"line":11,"column":6},"end":{"line":11,"column":29}},"type":"binary-expr","locations":[{"start":{"line":11,"column":6},"end":{"line":11,"column":11}},{"start":{"line":11,"column":15},"end":{"line":11,"column":21}},{"start":{"line":11,"column":25},"end":{"line":11,"column":29}}],"line":11},"3":{"loc":{"start":{"line":40,"column":19},"end":{"line":40,"column":42}},"type":"binary-expr","locations":[{"start":{"line":40,"column":19},"end":{"line":40,"column":37}},{"start":{"line":40,"column":41},"end":{"line":40,"column":42}}],"line":40},"4":{"loc":{"start":{"line":41,"column":22},"end":{"line":41,"column":48}},"type":"binary-expr","locations":[{"start":{"line":41,"column":22},"end":{"line":41,"column":43}},{"start":{"line":41,"column":47},"end":{"line":41,"column":48}}],"line":41},"5":{"loc":{"start":{"line":42,"column":27},"end":{"line":42,"column":58}},"type":"binary-expr","locations":[{"start":{"line":42,"column":27},"end":{"line":42,"column":53}},{"start":{"line":42,"column":57},"end":{"line":42,"column":58}}],"line":42},"6":{"loc":{"start":{"line":43,"column":23},"end":{"line":43,"column":50}},"type":"binary-expr","locations":[{"start":{"line":43,"column":23},"end":{"line":43,"column":45}},{"start":{"line":43,"column":49},"end":{"line":43,"column":50}}],"line":43},"7":{"loc":{"start":{"line":58,"column":2},"end":{"line":58,"column":83}},"type":"if","locations":[{"start":{"line":58,"column":2},"end":{"line":58,"column":83}},{"start":{},"end":{}}],"line":58},"8":{"loc":{"start":{"line":65,"column":2},"end":{"line":65,"column":65}},"type":"if","locations":[{"start":{"line":65,"column":2},"end":{"line":65,"column":65}},{"start":{},"end":{}}],"line":65},"9":{"loc":{"start":{"line":66,"column":2},"end":{"line":66,"column":78}},"type":"if","locations":[{"start":{"line":66,"column":2},"end":{"line":66,"column":78}},{"start":{},"end":{}}],"line":66}},"s":{"0":1,"1":1,"2":1,"3":1,"4":1,"5":1,"6":2,"7":2,"8":1,"9":1,"10":1,"11":2,"12":1,"13":1,"14":1,"15":1,"16":1,"17":1,"18":0,"19":1,"20":1,"21":0,"22":0,"23":0,"24":0,"25":0,"26":0,"27":0,"28":0,"29":0,"30":0,"31":0,"32":1},"f":{"0":2,"1":2,"2":0},"b":{"0":[2,0],"1":[1,1],"2":[2,1,1],"3":[1,1],"4":[1,1],"5":[1,1],"6":[1,1],"7":[0,1],"8":[0,0],"9":[0,0]},"_coverageSchema":"1a1c01bbd47fc00a2c39e90264f33305004495a9","hash":"f6f7bf0da99f52781372ae0a83d1dfa61d537405","contentHash":"eb13acf780fab3e504ac0c5d395aaaeefe212c0ede056cf66864a084ffd5bf4b"},"X:\\tail website\\backend\\src\\models\\DailyRecord.js":{"path":"X:\\tail website\\backend\\src\\models\\DailyRecord.js","statementMap":{"0":{"start":{"line":2,"column":17},"end":{"line":2,"column":36}},"1":{"start":{"line":4,"column":26},"end":{"line":22,"column":2}},"2":{"start":{"line":24,"column":0},"end":{"line":24,"column":38}},"3":{"start":{"line":26,"column":0},"end":{"line":26,"column":66}}},"fnMap":{},"branchMap":{},"s":{"0":1,"1":1,"2":1,"3":1},"f":{},"b":{},"_coverageSchema":"1a1c01bbd47fc00a2c39e90264f33305004495a9","hash":"552de79cdb4ad4215ca481e7c188ee5ddb4889eb","contentHash":"a2ecc25b3eff492f76331892c40261d6e22c5b9dcf1b43cd165b43beea55aeb9"},"X:\\tail website\\backend\\src\\routes\\reportRoutes.js":{"path":"X:\\tail website\\backend\\src\\routes\\reportRoutes.js","statementMap":{"0":{"start":{"line":2,"column":15},"end":{"line":2,"column":42}},"1":{"start":{"line":3,"column":18},"end":{"line":3,"column":46}},"2":{"start":{"line":4,"column":13},"end":{"line":4,"column":55}},"3":{"start":{"line":5,"column":36},"end":{"line":5,"column":65}},"4":{"start":{"line":6,"column":17},"end":{"line":6,"column":50}},"5":{"start":{"line":8,"column":0},"end":{"line":8,"column":45}},"6":{"start":{"line":11,"column":0},"end":{"line":13,"column":35}},"7":{"start":{"line":16,"column":0},"end":{"line":18,"column":30}},"8":{"start":{"line":20,"column":0},"end":{"line":22,"column":32}},"9":{"start":{"line":24,"column":0},"end":{"line":26,"column":31}},"10":{"start":{"line":28,"column":0},"end":{"line":28,"column":24}}},"fnMap":{},"branchMap":{},"s":{"0":1,"1":1,"2":1,"3":1,"4":1,"5":1,"6":1,"7":1,"8":1,"9":1,"10":1},"f":{},"b":{},"_coverageSchema":"1a1c01bbd47fc00a2c39e90264f33305004495a9","hash":"fd3f352d2265197540071e5c05dad22f69271968","contentHash":"e1d29c1fae586abd4d26f78b342937bc7a0d9e878ddedc5645bba87740081036"},"X:\\tail website\\backend\\src\\routes\\auditRoutes.js":{"path":"X:\\tail website\\backend\\src\\routes\\auditRoutes.js","statementMap":{"0":{"start":{"line":2,"column":15},"end":{"line":2,"column":42}},"1":{"start":{"line":3,"column":15},"end":{"line":3,"column":56}},"2":{"start":{"line":4,"column":36},"end":{"line":4,"column":65}},"3":{"start":{"line":6,"column":0},"end":{"line":6,"column":45}},"4":{"start":{"line":7,"column":0},"end":{"line":7,"column":30}},"5":{"start":{"line":9,"column":0},"end":{"line":9,"column":24}}},"fnMap":{},"branchMap":{},"s":{"0":1,"1":1,"2":1,"3":1,"4":1,"5":1},"f":{},"b":{},"_coverageSchema":"1a1c01bbd47fc00a2c39e90264f33305004495a9","hash":"a93c561ccbd802f9817f27e9e16a358f7609d964","contentHash":"b1d2409f5c6a53a7506b0fa744fcb1285df3f88cb5e149ba5f9d8cce50070a7b"},"X:\\tail website\\backend\\src\\controllers\\auditController.js":{"path":"X:\\tail website\\backend\\src\\controllers\\auditController.js","statementMap":{"0":{"start":{"line":2,"column":17},"end":{"line":2,"column":46}},"1":{"start":{"line":3,"column":24},"end":{"line":3,"column":55}},"2":{"start":{"line":5,"column":16},"end":{"line":24,"column":1}},"3":{"start":{"line":6,"column":2},"end":{"line":23,"column":30}},"4":{"start":{"line":7,"column":72},"end":{"line":7,"column":81}},"5":{"start":{"line":8,"column":18},"end":{"line":8,"column":20}},"6":{"start":{"line":9,"column":4},"end":{"line":9,"column":38}},"7":{"start":{"line":9,"column":16},"end":{"line":9,"column":38}},"8":{"start":{"line":10,"column":4},"end":{"line":10,"column":37}},"9":{"start":{"line":10,"column":16},"end":{"line":10,"column":37}},"10":{"start":{"line":11,"column":4},"end":{"line":15,"column":5}},"11":{"start":{"line":12,"column":6},"end":{"line":12,"column":27}},"12":{"start":{"line":13,"column":6},"end":{"line":13,"column":64}},"13":{"start":{"line":13,"column":21},"end":{"line":13,"column":64}},"14":{"start":{"line":14,"column":6},"end":{"line":14,"column":62}},"15":{"start":{"line":14,"column":21},"end":{"line":14,"column":62}},"16":{"start":{"line":16,"column":18},"end":{"line":16,"column":54}},"17":{"start":{"line":17,"column":18},"end":{"line":20,"column":61}},"18":{"start":{"line":21,"column":4},"end":{"line":22,"column":77}},"19":{"start":{"line":23,"column":18},"end":{"line":23,"column":28}},"20":{"start":{"line":26,"column":0},"end":{"line":26,"column":29}}},"fnMap":{"0":{"name":"(anonymous_0)","decl":{"start":{"line":5,"column":16},"end":{"line":5,"column":17}},"loc":{"start":{"line":5,"column":42},"end":{"line":24,"column":1}},"line":5}},"branchMap":{"0":{"loc":{"start":{"line":7,"column":47},"end":{"line":7,"column":55}},"type":"default-arg","locations":[{"start":{"line":7,"column":54},"end":{"line":7,"column":55}}],"line":7},"1":{"loc":{"start":{"line":7,"column":57},"end":{"line":7,"column":67}},"type":"default-arg","locations":[{"start":{"line":7,"column":65},"end":{"line":7,"column":67}}],"line":7},"2":{"loc":{"start":{"line":9,"column":4},"end":{"line":9,"column":38}},"type":"if","locations":[{"start":{"line":9,"column":4},"end":{"line":9,"column":38}},{"start":{},"end":{}}],"line":9},"3":{"loc":{"start":{"line":10,"column":4},"end":{"line":10,"column":37}},"type":"if","locations":[{"start":{"line":10,"column":4},"end":{"line":10,"column":37}},{"start":{},"end":{}}],"line":10},"4":{"loc":{"start":{"line":11,"column":4},"end":{"line":15,"column":5}},"type":"if","locations":[{"start":{"line":11,"column":4},"end":{"line":15,"column":5}},{"start":{},"end":{}}],"line":11},"5":{"loc":{"start":{"line":11,"column":8},"end":{"line":11,"column":28}},"type":"binary-expr","locations":[{"start":{"line":11,"column":8},"end":{"line":11,"column":17}},{"start":{"line":11,"column":21},"end":{"line":11,"column":28}}],"line":11},"6":{"loc":{"start":{"line":13,"column":6},"end":{"line":13,"column":64}},"type":"if","locations":[{"start":{"line":13,"column":6},"end":{"line":13,"column":64}},{"start":{},"end":{}}],"line":13},"7":{"loc":{"start":{"line":14,"column":6},"end":{"line":14,"column":62}},"type":"if","locations":[{"start":{"line":14,"column":6},"end":{"line":14,"column":62}},{"start":{},"end":{}}],"line":14}},"s":{"0":1,"1":1,"2":1,"3":0,"4":0,"5":0,"6":0,"7":0,"8":0,"9":0,"10":0,"11":0,"12":0,"13":0,"14":0,"15":0,"16":0,"17":0,"18":0,"19":0,"20":1},"f":{"0":0},"b":{"0":[0],"1":[0],"2":[0,0],"3":[0,0],"4":[0,0],"5":[0,0],"6":[0,0],"7":[0,0]},"_coverageSchema":"1a1c01bbd47fc00a2c39e90264f33305004495a9","hash":"e733cddd61e2c199b6673dfacd6e743d31f20426","contentHash":"f80a770c81bb0fafbb993705112d11d20fedd3bf27bcee22f4309780f3c2ee21"},"X:\\tail website\\backend\\src\\routes\\eventsRoutes.js":{"path":"X:\\tail website\\backend\\src\\routes\\eventsRoutes.js","statementMap":{"0":{"start":{"line":2,"column":15},"end":{"line":2,"column":42}},"1":{"start":{"line":3,"column":22},"end":{"line":3,"column":45}},"2":{"start":{"line":6,"column":0},"end":{"line":22,"column":3}},"3":{"start":{"line":7,"column":25},"end":{"line":7,"column":34}},"4":{"start":{"line":8,"column":2},"end":{"line":8,"column":102}},"5":{"start":{"line":8,"column":19},"end":{"line":8,"column":102}},"6":{"start":{"line":11,"column":2},"end":{"line":15,"column":5}},"7":{"start":{"line":16,"column":2},"end":{"line":16,"column":41}},"8":{"start":{"line":19,"column":2},"end":{"line":19,"column":31}},"9":{"start":{"line":21,"column":2},"end":{"line":21,"column":37}},"10":{"start":{"line":24,"column":0},"end":{"line":24,"column":24}}},"fnMap":{"0":{"name":"(anonymous_0)","decl":{"start":{"line":6,"column":28},"end":{"line":6,"column":29}},"loc":{"start":{"line":6,"column":42},"end":{"line":22,"column":1}},"line":6}},"branchMap":{"0":{"loc":{"start":{"line":8,"column":2},"end":{"line":8,"column":102}},"type":"if","locations":[{"start":{"line":8,"column":2},"end":{"line":8,"column":102}},{"start":{},"end":{}}],"line":8},"1":{"loc":{"start":{"line":16,"column":2},"end":{"line":16,"column":40}},"type":"binary-expr","locations":[{"start":{"line":16,"column":2},"end":{"line":16,"column":18}},{"start":{"line":16,"column":22},"end":{"line":16,"column":40}}],"line":16}},"s":{"0":1,"1":1,"2":1,"3":5,"4":5,"5":1,"6":4,"7":4,"8":4,"9":4,"10":1},"f":{"0":5},"b":{"0":[1,4],"1":[4,4]},"_coverageSchema":"1a1c01bbd47fc00a2c39e90264f33305004495a9","hash":"e6e924420af23bfd76f7960187c4c50381c366db","contentHash":"78289d3e49bb8e9cc6beed28545617136d0e96c07e8f132379038a17f27549c8"}}